Using pre-set license
Built from '2020.3/staging' branch; Version is '2020.3.10f1 (297d780c91bc) revision 2719096'; Using compiler version '192528614'; Build Type 'Release'
OS: 'Windows 10 Home Single Language; OS build 19042.1052; Version 2009; 64bit' Language: 'ru' Physical Memory: 16196 MB
BatchMode: 1, IsHumanControllingUs: 0, StartBugReporterOnCrash: 0, Is64bit: 1, IsPro: 0

 COMMAND LINE ARGUMENTS:
C:\Program Files\Unity\Hub\Editor\2020.3.10f1\Editor\Unity.exe
-adb2
-batchMode
-noUpm
-name
AssetImportWorker0
-projectPath
D:/Repos/TikTok Master
-logFile
Logs/AssetImportWorker0.log
-srvPort
62250
Successfully changed project path to: D:/Repos/TikTok Master
D:/Repos/TikTok Master
Using Asset Import Pipeline V2.
Refreshing native plugins compatible for Editor in 57.81 ms, found 2 plugins.
Preloading 0 native plugins for Editor in 0.00 ms.
Initialize engine version: 2020.3.10f1 (297d780c91bc)
[Subsystems] Discovering subsystems at path C:/Program Files/Unity/Hub/Editor/2020.3.10f1/Editor/Data/Resources/UnitySubsystems
[Subsystems] Discovering subsystems at path D:/Repos/TikTok Master/Assets
GfxDevice: creating device client; threaded=0
Direct3D:
    Version:  Direct3D 11.0 [level 11.1]
    Renderer: NVIDIA GeForce RTX 2060 (ID=0x1f11)
    Vendor:   
    VRAM:     5980 MB
    Driver:   27.21.14.6231
Initialize mono
Mono path[0] = 'C:/Program Files/Unity/Hub/Editor/2020.3.10f1/Editor/Data/Managed'
Mono path[1] = 'C:/Program Files/Unity/Hub/Editor/2020.3.10f1/Editor/Data/MonoBleedingEdge/lib/mono/unityjit'
Mono config path = 'C:/Program Files/Unity/Hub/Editor/2020.3.10f1/Editor/Data/MonoBleedingEdge/etc'
Using monoOptions --debugger-agent=transport=dt_socket,embedding=1,server=y,suspend=n,address=127.0.0.1:56936
Begin MonoManager ReloadAssembly
Registering precompiled unity dll's ...
Register platform support module: C:/Program Files/Unity/Hub/Editor/2020.3.10f1/Editor/Data/PlaybackEngines/WindowsStandaloneSupport/UnityEditor.WindowsStandalone.Extensions.dll
Registered in 0.001868 seconds.
Native extension for WindowsStandalone target not found
Refreshing native plugins compatible for Editor in 61.94 ms, found 2 plugins.
Preloading 0 native plugins for Editor in 0.00 ms.
Mono: successfully reloaded assembly
- Completed reload, in  2.259 seconds
Platform modules already initialized, skipping
Registering precompiled user dll's ...
Registered in 0.147062 seconds.
Begin MonoManager ReloadAssembly
Native extension for WindowsStandalone target not found
Refreshing native plugins compatible for Editor in 0.74 ms, found 2 plugins.
Preloading 0 native plugins for Editor in 0.00 ms.
Mono: successfully reloaded assembly
- Completed reload, in  1.341 seconds
Platform modules already initialized, skipping
========================================================================
Worker process is ready to serve import requests
Launched and connected shader compiler UnityShaderCompiler.exe after 0.09 seconds
Refreshing native plugins compatible for Editor in 0.76 ms, found 2 plugins.
Preloading 0 native plugins for Editor in 0.00 ms.
Unloading 2182 Unused Serialized files (Serialized files now loaded: 0)
System memory in use before: 138.7 MB.
System memory in use after: 138.8 MB.

Unloading 100 unused Assets to reduce memory usage. Loaded Objects now: 2596.
Total: 2.616000 ms (FindLiveObjects: 0.229500 ms CreateObjectMapping: 0.115900 ms MarkObjects: 2.019000 ms  DeleteObjects: 0.250600 ms)

========================================================================
Received Import Request.
  path: Assets/Scripts/Book.cs
  artifactKey: Guid(dd4ff62dfe0fe004585e17c4ac3e7907) Importer(815301076,1909f56bfc062723c751e8b465ee728b)
Start importing Assets/Scripts/Book.cs using Guid(dd4ff62dfe0fe004585e17c4ac3e7907) Importer(815301076,1909f56bfc062723c751e8b465ee728b)  -> (artifact id: '871bedce5e3ce5ef20857857038ba425') in 0.040084 seconds
  Import took 0.070502 seconds .

========================================================================
Received Import Request.
  Time since last request: 25.634099 seconds.
  path: Assets/Scripts/ProgressBar.cs
  artifactKey: Guid(b8c4c5871ee154d43a811f2e047f8ded) Importer(815301076,1909f56bfc062723c751e8b465ee728b)
Start importing Assets/Scripts/ProgressBar.cs using Guid(b8c4c5871ee154d43a811f2e047f8ded) Importer(815301076,1909f56bfc062723c751e8b465ee728b)  -> (artifact id: '5239bc67b9ca35a5c613116a97bafa76') in 0.005565 seconds
  Import took 0.025596 seconds .

========================================================================
Received Import Request.
  Time since last request: 0.001110 seconds.
  path: Assets/Scripts/ProgressBar.cs
  artifactKey: Guid(b8c4c5871ee154d43a811f2e047f8ded) Importer(815301076,1909f56bfc062723c751e8b465ee728b)
Start importing Assets/Scripts/ProgressBar.cs using Guid(b8c4c5871ee154d43a811f2e047f8ded) Importer(815301076,1909f56bfc062723c751e8b465ee728b)  -> (artifact id: '5239bc67b9ca35a5c613116a97bafa76') in 0.002075 seconds
  Import took 0.005409 seconds .

========================================================================
Received Prepare
Registering precompiled user dll's ...
Registered in 0.002671 seconds.
Begin MonoManager ReloadAssembly
Native extension for WindowsStandalone target not found
Refreshing native plugins compatible for Editor in 0.71 ms, found 2 plugins.
Preloading 0 native plugins for Editor in 0.00 ms.
Warning: Annotation not found!
UnityEngine.StackTraceUtility:ExtractStackTrace ()
UnityEditor.ProBuilder.EditorUtility:SetGizmoIconEnabled (System.Type,bool) (at Library/PackageCache/com.unity.probuilder@4.5.0/Editor/EditorCore/EditorUtility.cs:593)
UnityEditor.ProBuilder.HierarchyListener:.cctor () (at Library/PackageCache/com.unity.probuilder@4.5.0/Editor/EditorCore/HierarchyListener.cs:21)
System.Runtime.CompilerServices.RuntimeHelpers:RunClassConstructor (System.RuntimeTypeHandle)
UnityEditor.EditorAssemblies:ProcessInitializeOnLoadAttributes (System.Type[])

[Library/PackageCache/com.unity.probuilder@4.5.0/Editor/EditorCore/EditorUtility.cs line 593]

Mono: successfully reloaded assembly
- Completed reload, in  0.963 seconds
Platform modules already initialized, skipping
Switching build target platform(19) subTarget(0) extendedPlatform(0) -> platform(13) subTarget(589824) extendedPlatform(0)
Refreshing native plugins compatible for Editor in 0.72 ms, found 2 plugins.
Preloading 0 native plugins for Editor in 0.00 ms.
Unloading 2032 Unused Serialized files (Serialized files now loaded: 0)
System memory in use before: 122.1 MB.
System memory in use after: 122.1 MB.

Unloading 30 unused Assets to reduce memory usage. Loaded Objects now: 2600.
Total: 2.461700 ms (FindLiveObjects: 0.175700 ms CreateObjectMapping: 0.069300 ms MarkObjects: 2.070700 ms  DeleteObjects: 0.145200 ms)

AssetImportParameters requested are different than current active one (requested -> active):
  custom:graphics/normal-map-encoding: 01000000000000000000000000000000 -> 02000000000000000000000000000000
========================================================================
Received Import Request.
  Time since last request: 6.971735 seconds.
  path: Assets/Scripts/UI
  artifactKey: Guid(5d2e6ee9235b2ab4c95dddc993ab6887) Importer(815301076,1909f56bfc062723c751e8b465ee728b)
Start importing Assets/Scripts/UI using Guid(5d2e6ee9235b2ab4c95dddc993ab6887) Importer(815301076,1909f56bfc062723c751e8b465ee728b)  -> (artifact id: 'c2cf01dca0e0d1a7620549695d8ef4f1') in 0.007239 seconds
  Import took 0.018022 seconds .

========================================================================
Received Prepare
Registering precompiled user dll's ...
Registered in 0.002544 seconds.
Begin MonoManager ReloadAssembly
Native extension for WindowsStandalone target not found
Refreshing native plugins compatible for Editor in 0.92 ms, found 2 plugins.
Preloading 0 native plugins for Editor in 0.00 ms.
Warning: Annotation not found!
UnityEngine.StackTraceUtility:ExtractStackTrace ()
UnityEditor.ProBuilder.EditorUtility:SetGizmoIconEnabled (System.Type,bool) (at Library/PackageCache/com.unity.probuilder@4.5.0/Editor/EditorCore/EditorUtility.cs:593)
UnityEditor.ProBuilder.HierarchyListener:.cctor () (at Library/PackageCache/com.unity.probuilder@4.5.0/Editor/EditorCore/HierarchyListener.cs:21)
System.Runtime.CompilerServices.RuntimeHelpers:RunClassConstructor (System.RuntimeTypeHandle)
UnityEditor.EditorAssemblies:ProcessInitializeOnLoadAttributes (System.Type[])

[Library/PackageCache/com.unity.probuilder@4.5.0/Editor/EditorCore/EditorUtility.cs line 593]

Mono: successfully reloaded assembly
- Completed reload, in  0.973 seconds
Platform modules already initialized, skipping
Switching build target platform(19) subTarget(0) extendedPlatform(0) -> platform(13) subTarget(589824) extendedPlatform(0)
Refreshing native plugins compatible for Editor in 0.67 ms, found 2 plugins.
Preloading 0 native plugins for Editor in 0.00 ms.
Unloading 2032 Unused Serialized files (Serialized files now loaded: 0)
System memory in use before: 122.1 MB.
System memory in use after: 122.1 MB.

Unloading 30 unused Assets to reduce memory usage. Loaded Objects now: 2603.
Total: 2.195200 ms (FindLiveObjects: 0.175900 ms CreateObjectMapping: 0.074500 ms MarkObjects: 1.838600 ms  DeleteObjects: 0.105600 ms)

AssetImportParameters requested are different than current active one (requested -> active):
  custom:graphics/normal-map-encoding: 01000000000000000000000000000000 -> 02000000000000000000000000000000
========================================================================
Received Import Request.
  Time since last request: 26.278993 seconds.
  path: Assets/Materials/FloorMat.mat
  artifactKey: Guid(a629e2616f7f5e740af9c97a99932c25) Importer(815301076,1909f56bfc062723c751e8b465ee728b)
Start importing Assets/Materials/FloorMat.mat using Guid(a629e2616f7f5e740af9c97a99932c25) Importer(815301076,1909f56bfc062723c751e8b465ee728b)  -> (artifact id: 'de70bcd9d9f91eca4169322bfa0ee36b') in 0.267636 seconds
  Import took 0.279704 seconds .

========================================================================
Received Import Request.
  Time since last request: 3.663174 seconds.
  path: Assets/Materials/GroundMat.mat
  artifactKey: Guid(a629e2616f7f5e740af9c97a99932c25) Importer(815301076,1909f56bfc062723c751e8b465ee728b)
Start importing Assets/Materials/GroundMat.mat using Guid(a629e2616f7f5e740af9c97a99932c25) Importer(815301076,1909f56bfc062723c751e8b465ee728b)  -> (artifact id: 'b51ab8c4354e37caa7e88c309a5b22e8') in 0.015392 seconds
  Import took 0.049996 seconds .

========================================================================
Received Import Request.
  Time since last request: 6.433374 seconds.
  path: Assets/Sprites/Ground.png
  artifactKey: Guid(d12eaf6c3d3a82447b188df678c3a4da) Importer(815301076,1909f56bfc062723c751e8b465ee728b)
Start importing Assets/Sprites/Ground.png using Guid(d12eaf6c3d3a82447b188df678c3a4da) Importer(815301076,1909f56bfc062723c751e8b465ee728b)  -> (artifact id: '7a40e991ad012e181b5140d8650170bc') in 0.028726 seconds
  Import took 0.050819 seconds .

========================================================================
Received Import Request.
  Time since last request: 18.155590 seconds.
  path: Assets/Sprites/Ground.png
  artifactKey: Guid(d12eaf6c3d3a82447b188df678c3a4da) Importer(815301076,1909f56bfc062723c751e8b465ee728b)
Start importing Assets/Sprites/Ground.png using Guid(d12eaf6c3d3a82447b188df678c3a4da) Importer(815301076,1909f56bfc062723c751e8b465ee728b)  -> (artifact id: 'b6f0376b762ea8bcb4ec89f4fbbb4eee') in 0.023350 seconds
  Import took 0.027127 seconds .

========================================================================
Received Import Request.
  Time since last request: 22.803356 seconds.
  path: Assets/Sprites/Floor.png
  artifactKey: Guid(d12eaf6c3d3a82447b188df678c3a4da) Importer(815301076,1909f56bfc062723c751e8b465ee728b)
Start importing Assets/Sprites/Floor.png using Guid(d12eaf6c3d3a82447b188df678c3a4da) Importer(815301076,1909f56bfc062723c751e8b465ee728b)  -> (artifact id: 'ffced1ef0203860fd426e2e5c4502bbe') in 0.010285 seconds
  Import took 0.032482 seconds .

========================================================================
Received Prepare
Registering precompiled user dll's ...
Registered in 0.002850 seconds.
Begin MonoManager ReloadAssembly
Native extension for WindowsStandalone target not found
Refreshing native plugins compatible for Editor in 0.68 ms, found 2 plugins.
Preloading 0 native plugins for Editor in 0.00 ms.
Warning: Annotation not found!
UnityEngine.StackTraceUtility:ExtractStackTrace ()
UnityEditor.ProBuilder.EditorUtility:SetGizmoIconEnabled (System.Type,bool) (at Library/PackageCache/com.unity.probuilder@4.5.0/Editor/EditorCore/EditorUtility.cs:593)
UnityEditor.ProBuilder.HierarchyListener:.cctor () (at Library/PackageCache/com.unity.probuilder@4.5.0/Editor/EditorCore/HierarchyListener.cs:21)
System.Runtime.CompilerServices.RuntimeHelpers:RunClassConstructor (System.RuntimeTypeHandle)
UnityEditor.EditorAssemblies:ProcessInitializeOnLoadAttributes (System.Type[])

[Library/PackageCache/com.unity.probuilder@4.5.0/Editor/EditorCore/EditorUtility.cs line 593]

Mono: successfully reloaded assembly
- Completed reload, in  0.920 seconds
Platform modules already initialized, skipping
Switching build target platform(19) subTarget(0) extendedPlatform(0) -> platform(13) subTarget(589824) extendedPlatform(0)
Refreshing native plugins compatible for Editor in 0.69 ms, found 2 plugins.
Preloading 0 native plugins for Editor in 0.00 ms.
Unloading 2032 Unused Serialized files (Serialized files now loaded: 0)
System memory in use before: 124.9 MB.
System memory in use after: 125.0 MB.

Unloading 30 unused Assets to reduce memory usage. Loaded Objects now: 2648.
Total: 2.202900 ms (FindLiveObjects: 0.188800 ms CreateObjectMapping: 0.075100 ms MarkObjects: 1.833400 ms  DeleteObjects: 0.105000 ms)

AssetImportParameters requested are different than current active one (requested -> active):
  custom:graphics/normal-map-encoding: 01000000000000000000000000000000 -> 02000000000000000000000000000000
========================================================================
Received Prepare
Registering precompiled user dll's ...
Registered in 0.002955 seconds.
Begin MonoManager ReloadAssembly
Native extension for WindowsStandalone target not found
Refreshing native plugins compatible for Editor in 0.68 ms, found 2 plugins.
Preloading 0 native plugins for Editor in 0.00 ms.
Warning: Annotation not found!
UnityEngine.StackTraceUtility:ExtractStackTrace ()
UnityEditor.ProBuilder.EditorUtility:SetGizmoIconEnabled (System.Type,bool) (at Library/PackageCache/com.unity.probuilder@4.5.0/Editor/EditorCore/EditorUtility.cs:593)
UnityEditor.ProBuilder.HierarchyListener:.cctor () (at Library/PackageCache/com.unity.probuilder@4.5.0/Editor/EditorCore/HierarchyListener.cs:21)
System.Runtime.CompilerServices.RuntimeHelpers:RunClassConstructor (System.RuntimeTypeHandle)
UnityEditor.EditorAssemblies:ProcessInitializeOnLoadAttributes (System.Type[])

[Library/PackageCache/com.unity.probuilder@4.5.0/Editor/EditorCore/EditorUtility.cs line 593]

Mono: successfully reloaded assembly
- Completed reload, in  0.931 seconds
Platform modules already initialized, skipping
Switching build target platform(19) subTarget(0) extendedPlatform(0) -> platform(13) subTarget(589824) extendedPlatform(0)
Refreshing native plugins compatible for Editor in 0.67 ms, found 2 plugins.
Preloading 0 native plugins for Editor in 0.00 ms.
Unloading 2032 Unused Serialized files (Serialized files now loaded: 0)
System memory in use before: 124.9 MB.
System memory in use after: 125.0 MB.

Unloading 30 unused Assets to reduce memory usage. Loaded Objects now: 2651.
Total: 2.451000 ms (FindLiveObjects: 0.186400 ms CreateObjectMapping: 0.078100 ms MarkObjects: 2.079200 ms  DeleteObjects: 0.106700 ms)

AssetImportParameters requested are different than current active one (requested -> active):
  custom:graphics/normal-map-encoding: 01000000000000000000000000000000 -> 02000000000000000000000000000000
========================================================================
Received Prepare
Registering precompiled user dll's ...
Registered in 0.002649 seconds.
Begin MonoManager ReloadAssembly
Native extension for WindowsStandalone target not found
Refreshing native plugins compatible for Editor in 0.68 ms, found 2 plugins.
Preloading 0 native plugins for Editor in 0.00 ms.
Warning: Annotation not found!
UnityEngine.StackTraceUtility:ExtractStackTrace ()
UnityEditor.ProBuilder.EditorUtility:SetGizmoIconEnabled (System.Type,bool) (at Library/PackageCache/com.unity.probuilder@4.5.0/Editor/EditorCore/EditorUtility.cs:593)
UnityEditor.ProBuilder.HierarchyListener:.cctor () (at Library/PackageCache/com.unity.probuilder@4.5.0/Editor/EditorCore/HierarchyListener.cs:21)
System.Runtime.CompilerServices.RuntimeHelpers:RunClassConstructor (System.RuntimeTypeHandle)
UnityEditor.EditorAssemblies:ProcessInitializeOnLoadAttributes (System.Type[])

[Library/PackageCache/com.unity.probuilder@4.5.0/Editor/EditorCore/EditorUtility.cs line 593]

Mono: successfully reloaded assembly
- Completed reload, in  0.929 seconds
Platform modules already initialized, skipping
Switching build target platform(19) subTarget(0) extendedPlatform(0) -> platform(13) subTarget(589824) extendedPlatform(0)
Refreshing native plugins compatible for Editor in 0.81 ms, found 2 plugins.
Preloading 0 native plugins for Editor in 0.00 ms.
Unloading 2032 Unused Serialized files (Serialized files now loaded: 0)
System memory in use before: 124.9 MB.
System memory in use after: 124.9 MB.

Unloading 30 unused Assets to reduce memory usage. Loaded Objects now: 2654.
Total: 2.203800 ms (FindLiveObjects: 0.180300 ms CreateObjectMapping: 0.072000 ms MarkObjects: 1.845600 ms  DeleteObjects: 0.105200 ms)

AssetImportParameters requested are different than current active one (requested -> active):
  custom:graphics/normal-map-encoding: 01000000000000000000000000000000 -> 02000000000000000000000000000000
AssetImportWorkerClient::OnTransportError - code=2 error=End of file
