Using pre-set license
Built from '2020.3/staging' branch; Version is '2020.3.10f1 (297d780c91bc) revision 2719096'; Using compiler version '192528614'; Build Type 'Release'
OS: 'Windows 10 Home Single Language; OS build 19042.1237; Version 2009; 64bit' Language: 'ru' Physical Memory: 16196 MB
BatchMode: 1, IsHumanControllingUs: 0, StartBugReporterOnCrash: 0, Is64bit: 1, IsPro: 0

 COMMAND LINE ARGUMENTS:
C:\Program Files\Unity\Hub\Editor\2020.3.10f1\Editor\Unity.exe
-adb2
-batchMode
-noUpm
-name
AssetImportWorker1
-projectPath
D:/Repos/TikTok Master
-logFile
Logs/AssetImportWorker1.log
-srvPort
58159
Successfully changed project path to: D:/Repos/TikTok Master
D:/Repos/TikTok Master
Using Asset Import Pipeline V2.
Refreshing native plugins compatible for Editor in 114.60 ms, found 5 plugins.
Preloading 0 native plugins for Editor in 0.00 ms.
Initialize engine version: 2020.3.10f1 (297d780c91bc)
[Subsystems] Discovering subsystems at path C:/Program Files/Unity/Hub/Editor/2020.3.10f1/Editor/Data/Resources/UnitySubsystems
[Subsystems] Discovering subsystems at path D:/Repos/TikTok Master/Assets
GfxDevice: creating device client; threaded=0
Direct3D:
    Version:  Direct3D 11.0 [level 11.1]
    Renderer: NVIDIA GeForce RTX 2060 (ID=0x1f11)
    Vendor:   
    VRAM:     5980 MB
    Driver:   27.21.14.6231
Initialize mono
Mono path[0] = 'C:/Program Files/Unity/Hub/Editor/2020.3.10f1/Editor/Data/Managed'
Mono path[1] = 'C:/Program Files/Unity/Hub/Editor/2020.3.10f1/Editor/Data/MonoBleedingEdge/lib/mono/unityjit'
Mono config path = 'C:/Program Files/Unity/Hub/Editor/2020.3.10f1/Editor/Data/MonoBleedingEdge/etc'
Using monoOptions --debugger-agent=transport=dt_socket,embedding=1,server=y,suspend=n,address=127.0.0.1:56440
Begin MonoManager ReloadAssembly
Registering precompiled unity dll's ...
Register platform support module: C:/Program Files/Unity/Hub/Editor/2020.3.10f1/Editor/Data/PlaybackEngines/WindowsStandaloneSupport/UnityEditor.WindowsStandalone.Extensions.dll
Registered in 0.001819 seconds.
Native extension for WindowsStandalone target not found
Refreshing native plugins compatible for Editor in 91.23 ms, found 5 plugins.
Preloading 0 native plugins for Editor in 0.00 ms.
Mono: successfully reloaded assembly
- Completed reload, in  1.726 seconds
Platform modules already initialized, skipping
Registering precompiled user dll's ...
Registered in 0.009779 seconds.
Begin MonoManager ReloadAssembly
Native extension for WindowsStandalone target not found
Refreshing native plugins compatible for Editor in 1.87 ms, found 5 plugins.
Preloading 0 native plugins for Editor in 0.00 ms.
Mono: successfully reloaded assembly
- Completed reload, in  1.929 seconds
Platform modules already initialized, skipping
========================================================================
Worker process is ready to serve import requests
Launched and connected shader compiler UnityShaderCompiler.exe after 0.04 seconds
Refreshing native plugins compatible for Editor in 2.82 ms, found 5 plugins.
Preloading 0 native plugins for Editor in 0.00 ms.
Unloading 2968 Unused Serialized files (Serialized files now loaded: 0)
System memory in use before: 238.3 MB.
System memory in use after: 232.4 MB.

Unloading 212 unused Assets to reduce memory usage. Loaded Objects now: 3535.
Total: 5.992700 ms (FindLiveObjects: 0.478000 ms CreateObjectMapping: 0.171700 ms MarkObjects: 2.337000 ms  DeleteObjects: 3.004900 ms)

========================================================================
Received Import Request.
  path: Assets/Animations/UI/WalletScreen/ProgressText.anim
  artifactKey: Guid(c8431bfb146e15c4a915a23772d4e7ba) Importer(815301076,1909f56bfc062723c751e8b465ee728b)
Start importing Assets/Animations/UI/WalletScreen/ProgressText.anim using Guid(c8431bfb146e15c4a915a23772d4e7ba) Importer(815301076,1909f56bfc062723c751e8b465ee728b)  -> (artifact id: '4a35221ed62b5e14014781bc87cd1e3e') in 0.063251 seconds
  Import took 0.130614 seconds .

========================================================================
Received Prepare
Registering precompiled user dll's ...
Registered in 0.009812 seconds.
Begin MonoManager ReloadAssembly
Native extension for WindowsStandalone target not found
Refreshing native plugins compatible for Editor in 1.99 ms, found 5 plugins.
Preloading 0 native plugins for Editor in 0.00 ms.
Mono: successfully reloaded assembly
- Completed reload, in  1.848 seconds
Platform modules already initialized, skipping
Switching build target platform(19) subTarget(0) extendedPlatform(0) -> platform(13) subTarget(589824) extendedPlatform(0)
Refreshing native plugins compatible for Editor in 5.13 ms, found 5 plugins.
Preloading 0 native plugins for Editor in 0.00 ms.
Unloading 2820 Unused Serialized files (Serialized files now loaded: 0)
System memory in use before: 222.7 MB.
System memory in use after: 216.8 MB.

Unloading 203 unused Assets to reduce memory usage. Loaded Objects now: 3539.
Total: 4.814000 ms (FindLiveObjects: 0.333800 ms CreateObjectMapping: 0.147300 ms MarkObjects: 2.095100 ms  DeleteObjects: 2.236500 ms)

AssetImportParameters requested are different than current active one (requested -> active):
  custom:graphics/normal-map-encoding: 01000000000000000000000000000000 -> 02000000000000000000000000000000
========================================================================
Received Prepare
Registering precompiled user dll's ...
Registered in 0.010947 seconds.
Begin MonoManager ReloadAssembly
Native extension for WindowsStandalone target not found
Refreshing native plugins compatible for Editor in 2.10 ms, found 5 plugins.
Preloading 0 native plugins for Editor in 0.00 ms.
Mono: successfully reloaded assembly
- Completed reload, in  2.100 seconds
Platform modules already initialized, skipping
Switching build target platform(19) subTarget(0) extendedPlatform(0) -> platform(13) subTarget(589824) extendedPlatform(0)
Refreshing native plugins compatible for Editor in 2.56 ms, found 5 plugins.
Preloading 0 native plugins for Editor in 0.00 ms.
Unloading 2819 Unused Serialized files (Serialized files now loaded: 0)
System memory in use before: 222.8 MB.
System memory in use after: 216.8 MB.

Unloading 203 unused Assets to reduce memory usage. Loaded Objects now: 3542.
Total: 5.586400 ms (FindLiveObjects: 0.495700 ms CreateObjectMapping: 0.186700 ms MarkObjects: 2.570200 ms  DeleteObjects: 2.332100 ms)

AssetImportParameters requested are different than current active one (requested -> active):
  custom:graphics/normal-map-encoding: 01000000000000000000000000000000 -> 02000000000000000000000000000000
========================================================================
Received Import Request.
  Time since last request: 3165.001060 seconds.
  path: Assets/Prefabs/UI/Tranfer/AddKey.prefab
  artifactKey: Guid(b7d3190ad6436ae4bb4db404e8e0a653) Importer(815301076,1909f56bfc062723c751e8b465ee728b)
Start importing Assets/Prefabs/UI/Tranfer/AddKey.prefab using Guid(b7d3190ad6436ae4bb4db404e8e0a653) Importer(815301076,1909f56bfc062723c751e8b465ee728b)  -> (artifact id: 'f32c8500990c412984d4ac948e22f956') in 0.238033 seconds
  Import took 0.330845 seconds .

========================================================================
Received Import Request.
  Time since last request: 31.170792 seconds.
  path: Assets/Prefabs/UI/Tranfer/AddSub.prefab
  artifactKey: Guid(9210b8f9399e90243804fde24769a876) Importer(815301076,1909f56bfc062723c751e8b465ee728b)
Start importing Assets/Prefabs/UI/Tranfer/AddSub.prefab using Guid(9210b8f9399e90243804fde24769a876) Importer(815301076,1909f56bfc062723c751e8b465ee728b)  -> (artifact id: 'f75f614d3453559bf28cd842cb4bd250') in 0.159608 seconds
  Import took 0.190412 seconds .

========================================================================
Received Prepare
Registering precompiled user dll's ...
Registered in 0.010398 seconds.
Begin MonoManager ReloadAssembly
Native extension for WindowsStandalone target not found
Refreshing native plugins compatible for Editor in 1.85 ms, found 5 plugins.
Preloading 0 native plugins for Editor in 0.00 ms.
Mono: successfully reloaded assembly
- Completed reload, in  1.830 seconds
Platform modules already initialized, skipping
Switching build target platform(19) subTarget(0) extendedPlatform(0) -> platform(13) subTarget(589824) extendedPlatform(0)
Refreshing native plugins compatible for Editor in 1.88 ms, found 5 plugins.
Preloading 0 native plugins for Editor in 0.00 ms.
Unloading 2819 Unused Serialized files (Serialized files now loaded: 0)
System memory in use before: 222.8 MB.
System memory in use after: 216.9 MB.

Unloading 203 unused Assets to reduce memory usage. Loaded Objects now: 3545.
Total: 4.532000 ms (FindLiveObjects: 0.297800 ms CreateObjectMapping: 0.140400 ms MarkObjects: 1.880200 ms  DeleteObjects: 2.212700 ms)

AssetImportParameters requested are different than current active one (requested -> active):
  custom:graphics/normal-map-encoding: 01000000000000000000000000000000 -> 02000000000000000000000000000000
========================================================================
Received Import Request.
  Time since last request: 4.725264 seconds.
  path: Assets/Prefabs/UI/Tranfer/AddRespect.prefab
  artifactKey: Guid(c5808bb723ebc0d4b8583a8f9f1a766f) Importer(815301076,1909f56bfc062723c751e8b465ee728b)
Start importing Assets/Prefabs/UI/Tranfer/AddRespect.prefab using Guid(c5808bb723ebc0d4b8583a8f9f1a766f) Importer(815301076,1909f56bfc062723c751e8b465ee728b)  -> (artifact id: '4e9e1585aa23dd7cdd537df7e223ad45') in 0.126637 seconds
  Import took 0.178566 seconds .

========================================================================
Received Prepare
Registering precompiled user dll's ...
Registered in 0.009718 seconds.
Begin MonoManager ReloadAssembly
Native extension for WindowsStandalone target not found
Refreshing native plugins compatible for Editor in 1.83 ms, found 5 plugins.
Preloading 0 native plugins for Editor in 0.00 ms.
Mono: successfully reloaded assembly
- Completed reload, in  1.828 seconds
Platform modules already initialized, skipping
Switching build target platform(19) subTarget(0) extendedPlatform(0) -> platform(13) subTarget(589824) extendedPlatform(0)
Refreshing native plugins compatible for Editor in 1.82 ms, found 5 plugins.
Preloading 0 native plugins for Editor in 0.00 ms.
Unloading 2819 Unused Serialized files (Serialized files now loaded: 0)
System memory in use before: 222.8 MB.
System memory in use after: 216.9 MB.

Unloading 203 unused Assets to reduce memory usage. Loaded Objects now: 3548.
Total: 4.580600 ms (FindLiveObjects: 0.292200 ms CreateObjectMapping: 0.139600 ms MarkObjects: 1.854500 ms  DeleteObjects: 2.293400 ms)

AssetImportParameters requested are different than current active one (requested -> active):
  custom:graphics/normal-map-encoding: 01000000000000000000000000000000 -> 02000000000000000000000000000000
========================================================================
Received Import Request.
  Time since last request: 679.848922 seconds.
  path: Assets/ScriptableObject/Customizes/Women_3.asset
  artifactKey: Guid(493b8f1678f40a846b4c7c1e0da81092) Importer(815301076,1909f56bfc062723c751e8b465ee728b)
Start importing Assets/ScriptableObject/Customizes/Women_3.asset using Guid(493b8f1678f40a846b4c7c1e0da81092) Importer(815301076,1909f56bfc062723c751e8b465ee728b)  -> (artifact id: '8e5dec65aea9bb8de8f90c4a0e24947c') in 0.252816 seconds
  Import took 0.297616 seconds .

========================================================================
Received Prepare
Registering precompiled user dll's ...
Registered in 0.009593 seconds.
Begin MonoManager ReloadAssembly
Native extension for WindowsStandalone target not found
Refreshing native plugins compatible for Editor in 1.98 ms, found 5 plugins.
Preloading 0 native plugins for Editor in 0.00 ms.
Mono: successfully reloaded assembly
- Completed reload, in  1.833 seconds
Platform modules already initialized, skipping
Switching build target platform(19) subTarget(0) extendedPlatform(0) -> platform(13) subTarget(589824) extendedPlatform(0)
Refreshing native plugins compatible for Editor in 1.81 ms, found 5 plugins.
Preloading 0 native plugins for Editor in 0.00 ms.
Unloading 2819 Unused Serialized files (Serialized files now loaded: 0)
System memory in use before: 222.9 MB.
System memory in use after: 217.0 MB.

Unloading 203 unused Assets to reduce memory usage. Loaded Objects now: 3551.
Total: 4.471100 ms (FindLiveObjects: 0.270300 ms CreateObjectMapping: 0.126100 ms MarkObjects: 1.820000 ms  DeleteObjects: 2.254000 ms)

AssetImportParameters requested are different than current active one (requested -> active):
  custom:graphics/normal-map-encoding: 01000000000000000000000000000000 -> 02000000000000000000000000000000
========================================================================
Received Import Request.
  Time since last request: 4302.757658 seconds.
  path: Assets/Scenes/Level_11.unity
  artifactKey: Guid(6643f124ed4ad8e4ab3e69bb73ffadbc) Importer(815301076,1909f56bfc062723c751e8b465ee728b)
Start importing Assets/Scenes/Level_11.unity using Guid(6643f124ed4ad8e4ab3e69bb73ffadbc) Importer(815301076,1909f56bfc062723c751e8b465ee728b)  -> (artifact id: '5a2d5ac9a5cc4b46f1bbe713b343fb53') in 0.023133 seconds
  Import took 0.147809 seconds .

========================================================================
Received Import Request.
  Time since last request: 2.400244 seconds.
  path: Assets/Scenes/Level_12.unity
  artifactKey: Guid(115c7f789e14fba47bf6a151e86a1eab) Importer(815301076,1909f56bfc062723c751e8b465ee728b)
Start importing Assets/Scenes/Level_12.unity using Guid(115c7f789e14fba47bf6a151e86a1eab) Importer(815301076,1909f56bfc062723c751e8b465ee728b)  -> (artifact id: '8d29dff50b85a2fa7cc0325108a04ab9') in 0.101136 seconds
  Import took 0.140085 seconds .

========================================================================
Received Prepare
Registering precompiled user dll's ...
Registered in 0.009753 seconds.
Begin MonoManager ReloadAssembly
Native extension for WindowsStandalone target not found
Refreshing native plugins compatible for Editor in 2.12 ms, found 5 plugins.
Preloading 0 native plugins for Editor in 0.00 ms.
Mono: successfully reloaded assembly
- Completed reload, in  2.084 seconds
Platform modules already initialized, skipping
Switching build target platform(19) subTarget(0) extendedPlatform(0) -> platform(13) subTarget(589824) extendedPlatform(0)
Refreshing native plugins compatible for Editor in 2.16 ms, found 5 plugins.
Preloading 0 native plugins for Editor in 0.00 ms.
Unloading 2819 Unused Serialized files (Serialized files now loaded: 0)
System memory in use before: 222.9 MB.
System memory in use after: 217.0 MB.

Unloading 203 unused Assets to reduce memory usage. Loaded Objects now: 3554.
Total: 5.196600 ms (FindLiveObjects: 0.355200 ms CreateObjectMapping: 0.261600 ms MarkObjects: 2.178600 ms  DeleteObjects: 2.400300 ms)

AssetImportParameters requested are different than current active one (requested -> active):
  custom:graphics/normal-map-encoding: 01000000000000000000000000000000 -> 02000000000000000000000000000000
