Using pre-set license
Built from '2020.3/staging' branch; Version is '2020.3.10f1 (297d780c91bc) revision 2719096'; Using compiler version '192528614'; Build Type 'Release'
OS: 'Windows 10 Home Single Language; OS build 19042.1237; Version 2009; 64bit' Language: 'ru' Physical Memory: 16196 MB
BatchMode: 1, IsHumanControllingUs: 0, StartBugReporterOnCrash: 0, Is64bit: 1, IsPro: 0

 COMMAND LINE ARGUMENTS:
C:\Program Files\Unity\Hub\Editor\2020.3.10f1\Editor\Unity.exe
-adb2
-batchMode
-noUpm
-name
AssetImportWorker2
-projectPath
D:/Repos/TikTok Master
-logFile
Logs/AssetImportWorker2.log
-srvPort
62183
Successfully changed project path to: D:/Repos/TikTok Master
D:/Repos/TikTok Master
Using Asset Import Pipeline V2.
Refreshing native plugins compatible for Editor in 98.46 ms, found 5 plugins.
Preloading 0 native plugins for Editor in 0.00 ms.
Initialize engine version: 2020.3.10f1 (297d780c91bc)
[Subsystems] Discovering subsystems at path C:/Program Files/Unity/Hub/Editor/2020.3.10f1/Editor/Data/Resources/UnitySubsystems
[Subsystems] Discovering subsystems at path D:/Repos/TikTok Master/Assets
GfxDevice: creating device client; threaded=0
Direct3D:
    Version:  Direct3D 11.0 [level 11.1]
    Renderer: NVIDIA GeForce RTX 2060 (ID=0x1f11)
    Vendor:   
    VRAM:     5980 MB
    Driver:   27.21.14.6231
Initialize mono
Mono path[0] = 'C:/Program Files/Unity/Hub/Editor/2020.3.10f1/Editor/Data/Managed'
Mono path[1] = 'C:/Program Files/Unity/Hub/Editor/2020.3.10f1/Editor/Data/MonoBleedingEdge/lib/mono/unityjit'
Mono config path = 'C:/Program Files/Unity/Hub/Editor/2020.3.10f1/Editor/Data/MonoBleedingEdge/etc'
Using monoOptions --debugger-agent=transport=dt_socket,embedding=1,server=y,suspend=n,address=127.0.0.1:56060
Begin MonoManager ReloadAssembly
Registering precompiled unity dll's ...
Register platform support module: C:/Program Files/Unity/Hub/Editor/2020.3.10f1/Editor/Data/PlaybackEngines/WindowsStandaloneSupport/UnityEditor.WindowsStandalone.Extensions.dll
Registered in 0.001885 seconds.
Native extension for WindowsStandalone target not found
Refreshing native plugins compatible for Editor in 89.81 ms, found 5 plugins.
Preloading 0 native plugins for Editor in 0.00 ms.
Mono: successfully reloaded assembly
- Completed reload, in  1.768 seconds
Platform modules already initialized, skipping
Registering precompiled user dll's ...
Registered in 0.006640 seconds.
Begin MonoManager ReloadAssembly
Native extension for WindowsStandalone target not found
Refreshing native plugins compatible for Editor in 1.23 ms, found 5 plugins.
Preloading 0 native plugins for Editor in 0.00 ms.
Mono: successfully reloaded assembly
- Completed reload, in  1.345 seconds
Platform modules already initialized, skipping
========================================================================
Worker process is ready to serve import requests
Launched and connected shader compiler UnityShaderCompiler.exe after 0.10 seconds
Refreshing native plugins compatible for Editor in 1.07 ms, found 5 plugins.
Preloading 0 native plugins for Editor in 0.00 ms.
Unloading 2834 Unused Serialized files (Serialized files now loaded: 0)
System memory in use before: 234.3 MB.
System memory in use after: 228.4 MB.

Unloading 94 unused Assets to reduce memory usage. Loaded Objects now: 3488.
Total: 4.295000 ms (FindLiveObjects: 0.307500 ms CreateObjectMapping: 0.155400 ms MarkObjects: 1.820000 ms  DeleteObjects: 2.011100 ms)

========================================================================
Received Import Request.
  path: Assets/Prefabs/Items/Enemy.prefab
  artifactKey: Guid(94dc77c7b2c4ba0498b5a30e2a764be0) Importer(815301076,1909f56bfc062723c751e8b465ee728b)
Start importing Assets/Prefabs/Items/Enemy.prefab using Guid(94dc77c7b2c4ba0498b5a30e2a764be0) Importer(815301076,1909f56bfc062723c751e8b465ee728b)  -> (artifact id: 'c1d6650c3c6c6daa0e357a5c73e2d85f') in 0.601319 seconds
  Import took 0.630312 seconds .

========================================================================
Received Import Request.
  Time since last request: 4.817655 seconds.
  path: Assets/Prefabs/Items/MovementEnemy.prefab
  artifactKey: Guid(dc8fd913adedf4f4bbd804547743d42a) Importer(815301076,1909f56bfc062723c751e8b465ee728b)
Start importing Assets/Prefabs/Items/MovementEnemy.prefab using Guid(dc8fd913adedf4f4bbd804547743d42a) Importer(815301076,1909f56bfc062723c751e8b465ee728b)  -> (artifact id: '228615f19887e10caf94edc8c4dc7cb4') in 0.130962 seconds
  Import took 0.136095 seconds .

========================================================================
Received Import Request.
  Time since last request: 8.924894 seconds.
  path: Assets/Prefabs/Items/Dancer.prefab
  artifactKey: Guid(da8fff1033b97a642b9def23ad494ce6) Importer(815301076,1909f56bfc062723c751e8b465ee728b)
Start importing Assets/Prefabs/Items/Dancer.prefab using Guid(da8fff1033b97a642b9def23ad494ce6) Importer(815301076,1909f56bfc062723c751e8b465ee728b)  -> (artifact id: 'daa0e02fcfd57bb2b1047dabcc6852d8') in 0.175780 seconds
  Import took 0.192261 seconds .

========================================================================
Received Import Request.
  Time since last request: 5.138234 seconds.
  path: Assets/Prefabs/Items/MovementDancer.prefab
  artifactKey: Guid(8597454cb7b6f8845a72874125e4cbac) Importer(815301076,1909f56bfc062723c751e8b465ee728b)
Start importing Assets/Prefabs/Items/MovementDancer.prefab using Guid(8597454cb7b6f8845a72874125e4cbac) Importer(815301076,1909f56bfc062723c751e8b465ee728b)  -> (artifact id: '89ebed98c9800eda52f5c2d015ce195f') in 0.032914 seconds
  Import took 0.057436 seconds .

========================================================================
Received Import Request.
  Time since last request: 15.220944 seconds.
  path: Assets/Prefabs/Items/Propeller hat.prefab
  artifactKey: Guid(672a4eb1c34e0df42a9331c80547dee0) Importer(815301076,1909f56bfc062723c751e8b465ee728b)
Start importing Assets/Prefabs/Items/Propeller hat.prefab using Guid(672a4eb1c34e0df42a9331c80547dee0) Importer(815301076,1909f56bfc062723c751e8b465ee728b)  -> (artifact id: '8d7f9a6c38beeeb0d82a157b6ca4da47') in 0.544230 seconds
  Import took 0.571816 seconds .

========================================================================
Received Import Request.
  Time since last request: 10.267092 seconds.
  path: Assets/Prefabs/Doors/books textured.prefab
  artifactKey: Guid(29eaaa67d55fa8e45989ebcf1ff4890d) Importer(815301076,1909f56bfc062723c751e8b465ee728b)
Start importing Assets/Prefabs/Doors/books textured.prefab using Guid(29eaaa67d55fa8e45989ebcf1ff4890d) Importer(815301076,1909f56bfc062723c751e8b465ee728b)  -> (artifact id: '8f72767eaaacf6b989032e5878950c52') in 0.032635 seconds
  Import took 0.037459 seconds .

========================================================================
Received Import Request.
  Time since last request: 2.470674 seconds.
  path: Assets/Prefabs/Doors/books textured.prefab
  artifactKey: Guid(29eaaa67d55fa8e45989ebcf1ff4890d) Importer(815301076,1909f56bfc062723c751e8b465ee728b)
Start importing Assets/Prefabs/Doors/books textured.prefab using Guid(29eaaa67d55fa8e45989ebcf1ff4890d) Importer(815301076,1909f56bfc062723c751e8b465ee728b)  -> (artifact id: '1b25695e084f8a46309148d85ae7bfc2') in 0.008827 seconds
  Import took 0.028868 seconds .

========================================================================
Received Import Request.
  Time since last request: 0.009158 seconds.
  path: Assets/Prefabs/Doors/books textured.prefab
  artifactKey: Guid(29eaaa67d55fa8e45989ebcf1ff4890d) Importer(815301076,1909f56bfc062723c751e8b465ee728b)
Start importing Assets/Prefabs/Doors/books textured.prefab using Guid(29eaaa67d55fa8e45989ebcf1ff4890d) Importer(815301076,1909f56bfc062723c751e8b465ee728b)  -> (artifact id: '1b25695e084f8a46309148d85ae7bfc2') in 0.011360 seconds
  Import took 0.017351 seconds .

========================================================================
Received Import Request.
  Time since last request: 0.520714 seconds.
  path: Assets/Prefabs/Doors/Camera Device.prefab
  artifactKey: Guid(df12b938fbe967048b97b5eabbbcbd73) Importer(815301076,1909f56bfc062723c751e8b465ee728b)
Start importing Assets/Prefabs/Doors/Camera Device.prefab using Guid(df12b938fbe967048b97b5eabbbcbd73) Importer(815301076,1909f56bfc062723c751e8b465ee728b)  -> (artifact id: 'b910cb623247a427659cea0efdab06d3') in 0.063634 seconds
  Import took 0.077454 seconds .

========================================================================
Received Import Request.
  Time since last request: 0.058235 seconds.
  path: Assets/Prefabs/Doors/Camera Device.prefab
  artifactKey: Guid(df12b938fbe967048b97b5eabbbcbd73) Importer(815301076,1909f56bfc062723c751e8b465ee728b)
Start importing Assets/Prefabs/Doors/Camera Device.prefab using Guid(df12b938fbe967048b97b5eabbbcbd73) Importer(815301076,1909f56bfc062723c751e8b465ee728b)  -> (artifact id: 'b910cb623247a427659cea0efdab06d3') in 0.009213 seconds
  Import took 0.014610 seconds .

========================================================================
Received Import Request.
  Time since last request: 2.781638 seconds.
  path: Assets/Prefabs/Doors/Camera Device.prefab
  artifactKey: Guid(df12b938fbe967048b97b5eabbbcbd73) Importer(815301076,1909f56bfc062723c751e8b465ee728b)
Start importing Assets/Prefabs/Doors/Camera Device.prefab using Guid(df12b938fbe967048b97b5eabbbcbd73) Importer(815301076,1909f56bfc062723c751e8b465ee728b)  -> (artifact id: '676a0bb7d4f26a0516e847f7b93d7750') in 0.009070 seconds
  Import took 0.033251 seconds .

========================================================================
Received Import Request.
  Time since last request: 0.012664 seconds.
  path: Assets/Prefabs/Doors/Camera Device.prefab
  artifactKey: Guid(df12b938fbe967048b97b5eabbbcbd73) Importer(815301076,1909f56bfc062723c751e8b465ee728b)
Start importing Assets/Prefabs/Doors/Camera Device.prefab using Guid(df12b938fbe967048b97b5eabbbcbd73) Importer(815301076,1909f56bfc062723c751e8b465ee728b)  -> (artifact id: '676a0bb7d4f26a0516e847f7b93d7750') in 0.008757 seconds
  Import took 0.013425 seconds .

========================================================================
Received Import Request.
  Time since last request: 0.536823 seconds.
  path: Assets/Prefabs/Doors/Door (1) 1.prefab
  artifactKey: Guid(688e582701e2dc545b6b2a0d8cfec7fa) Importer(815301076,1909f56bfc062723c751e8b465ee728b)
Start importing Assets/Prefabs/Doors/Door (1) 1.prefab using Guid(688e582701e2dc545b6b2a0d8cfec7fa) Importer(815301076,1909f56bfc062723c751e8b465ee728b)  -> (artifact id: 'f4c6acb09fb91b4cd001b4b16713d0a3') in 0.504859 seconds
  Import took 0.561559 seconds .

========================================================================
Received Import Request.
  Time since last request: 8.369013 seconds.
  path: Assets/Prefabs/Doors/Door (1).prefab
  artifactKey: Guid(69d927f5880d0834da85a2e7b65c8c2a) Importer(815301076,1909f56bfc062723c751e8b465ee728b)
Start importing Assets/Prefabs/Doors/Door (1).prefab using Guid(69d927f5880d0834da85a2e7b65c8c2a) Importer(815301076,1909f56bfc062723c751e8b465ee728b)  -> (artifact id: '1d2968b62a83b86eff747d3451973ccf') in 0.117604 seconds
  Import took 0.123344 seconds .

========================================================================
Received Import Request.
  Time since last request: 8.520627 seconds.
  path: Assets/Prefabs/Doors/Door (2).prefab
  artifactKey: Guid(91aeaec4bea5eda4ea72bde4ab5b7e0c) Importer(815301076,1909f56bfc062723c751e8b465ee728b)
Start importing Assets/Prefabs/Doors/Door (2).prefab using Guid(91aeaec4bea5eda4ea72bde4ab5b7e0c) Importer(815301076,1909f56bfc062723c751e8b465ee728b)  -> (artifact id: '302bcfe4fc1246e097883d875af25f43') in 0.024367 seconds
  Import took 0.154645 seconds .

========================================================================
Received Import Request.
  Time since last request: 5.978847 seconds.
  path: Assets/Prefabs/Doors/GreenDoor 1.prefab
  artifactKey: Guid(0d51860aa4998a84f9b6bf92f148f053) Importer(815301076,1909f56bfc062723c751e8b465ee728b)
Start importing Assets/Prefabs/Doors/GreenDoor 1.prefab using Guid(0d51860aa4998a84f9b6bf92f148f053) Importer(815301076,1909f56bfc062723c751e8b465ee728b)  -> (artifact id: 'd3b6fcaad59cdd8d14e7856f911e27ad') in 0.019668 seconds
  Import took 0.042789 seconds .

========================================================================
Received Import Request.
  Time since last request: 1.584854 seconds.
  path: Assets/Prefabs/Doors/UVWFBX.prefab
  artifactKey: Guid(c9cc592f782f5df4ea97e3c36d5986b2) Importer(815301076,1909f56bfc062723c751e8b465ee728b)
Start importing Assets/Prefabs/Doors/UVWFBX.prefab using Guid(c9cc592f782f5df4ea97e3c36d5986b2) Importer(815301076,1909f56bfc062723c751e8b465ee728b)  -> (artifact id: '5ef37a14c110e54146a597acef3f5470') in 0.016781 seconds
  Import took 0.060640 seconds .

========================================================================
Received Import Request.
  Time since last request: 3.137201 seconds.
  path: Assets/Prefabs/Doors/Snickers.prefab
  artifactKey: Guid(39d85fbdb3b396c4ea8acd0b7278de90) Importer(815301076,1909f56bfc062723c751e8b465ee728b)
Start importing Assets/Prefabs/Doors/Snickers.prefab using Guid(39d85fbdb3b396c4ea8acd0b7278de90) Importer(815301076,1909f56bfc062723c751e8b465ee728b)  -> (artifact id: '2d8b2e3d5dca4e5268cacbe38f1dbb6b') in 0.070940 seconds
  Import took 0.109349 seconds .

========================================================================
Received Import Request.
  Time since last request: 2.368922 seconds.
  path: Assets/Prefabs/Doors/Snickers.prefab
  artifactKey: Guid(39d85fbdb3b396c4ea8acd0b7278de90) Importer(815301076,1909f56bfc062723c751e8b465ee728b)
Start importing Assets/Prefabs/Doors/Snickers.prefab using Guid(39d85fbdb3b396c4ea8acd0b7278de90) Importer(815301076,1909f56bfc062723c751e8b465ee728b)  -> (artifact id: '366dee684819badcfabb1325924d62d8') in 0.064535 seconds
  Import took 0.119787 seconds .

========================================================================
Received Import Request.
  Time since last request: 0.757731 seconds.
  path: Assets/Prefabs/Doors/OldTV.prefab
  artifactKey: Guid(b787d1fac4a218b43b58fe3b86ba2feb) Importer(815301076,1909f56bfc062723c751e8b465ee728b)
Start importing Assets/Prefabs/Doors/OldTV.prefab using Guid(b787d1fac4a218b43b58fe3b86ba2feb) Importer(815301076,1909f56bfc062723c751e8b465ee728b)  -> (artifact id: 'ffbaf9cb283eee3c323a479e6cefd0e1') in 0.070980 seconds
  Import took 0.093068 seconds .

========================================================================
Received Import Request.
  Time since last request: 3.977384 seconds.
  path: Assets/Prefabs/Doors/OldTV.prefab
  artifactKey: Guid(b787d1fac4a218b43b58fe3b86ba2feb) Importer(815301076,1909f56bfc062723c751e8b465ee728b)
Start importing Assets/Prefabs/Doors/OldTV.prefab using Guid(b787d1fac4a218b43b58fe3b86ba2feb) Importer(815301076,1909f56bfc062723c751e8b465ee728b)  -> (artifact id: '0e685c330c70c6b077e004191b0d3b62') in 0.065377 seconds
  Import took 0.090073 seconds .

========================================================================
Received Import Request.
  Time since last request: 0.443978 seconds.
  path: Assets/Prefabs/Doors/Newspaper.prefab
  artifactKey: Guid(01519ee657101a147833396f118905bb) Importer(815301076,1909f56bfc062723c751e8b465ee728b)
Start importing Assets/Prefabs/Doors/Newspaper.prefab using Guid(01519ee657101a147833396f118905bb) Importer(815301076,1909f56bfc062723c751e8b465ee728b)  -> (artifact id: '21e183819389f983c6abbf10d84761a5') in 0.013544 seconds
  Import took 0.061102 seconds .

========================================================================
Received Import Request.
  Time since last request: 2.196323 seconds.
  path: Assets/Prefabs/Doors/Newspaper.prefab
  artifactKey: Guid(01519ee657101a147833396f118905bb) Importer(815301076,1909f56bfc062723c751e8b465ee728b)
Start importing Assets/Prefabs/Doors/Newspaper.prefab using Guid(01519ee657101a147833396f118905bb) Importer(815301076,1909f56bfc062723c751e8b465ee728b)  -> (artifact id: '5d937f4bf97e888a0e68b338d40df802') in 0.013473 seconds
  Import took 0.044771 seconds .

========================================================================
Received Import Request.
  Time since last request: 1.295332 seconds.
  path: Assets/Prefabs/Doors/RedDoor.prefab
  artifactKey: Guid(68f225b7e77418a418abac893b920843) Importer(815301076,1909f56bfc062723c751e8b465ee728b)
Start importing Assets/Prefabs/Doors/RedDoor.prefab using Guid(68f225b7e77418a418abac893b920843) Importer(815301076,1909f56bfc062723c751e8b465ee728b)  -> (artifact id: 'f2e41681ad768100bdd2d161b7d491be') in 0.067638 seconds
  Import took 0.090896 seconds .

========================================================================
Received Import Request.
  Time since last request: 8.116535 seconds.
  path: Assets/Prefabs/Doors/RedDoor 2.prefab
  artifactKey: Guid(d44e1279cb45fd4418989f7e2ac17d6c) Importer(815301076,1909f56bfc062723c751e8b465ee728b)
Start importing Assets/Prefabs/Doors/RedDoor 2.prefab using Guid(d44e1279cb45fd4418989f7e2ac17d6c) Importer(815301076,1909f56bfc062723c751e8b465ee728b)  -> (artifact id: 'c33cbd28346d7d03001fad77bd1df4f3') in 0.022174 seconds
  Import took 0.116567 seconds .

========================================================================
Received Import Request.
  Time since last request: 12.055063 seconds.
  path: Assets/Prefabs/Doors/RedDoor 1.prefab
  artifactKey: Guid(014a78815405655489f4b70d4326a847) Importer(815301076,1909f56bfc062723c751e8b465ee728b)
Start importing Assets/Prefabs/Doors/RedDoor 1.prefab using Guid(014a78815405655489f4b70d4326a847) Importer(815301076,1909f56bfc062723c751e8b465ee728b)  -> (artifact id: 'dfe614bda885977eb4b857db094ff483') in 0.016480 seconds
  Import took 0.047341 seconds .

========================================================================
Received Import Request.
  Time since last request: 7.532497 seconds.
  path: Assets/Prefabs/Doors/GreenDoor.prefab
  artifactKey: Guid(f0d965e84f51021408a0ce6d4e1e3f26) Importer(815301076,1909f56bfc062723c751e8b465ee728b)
Start importing Assets/Prefabs/Doors/GreenDoor.prefab using Guid(f0d965e84f51021408a0ce6d4e1e3f26) Importer(815301076,1909f56bfc062723c751e8b465ee728b)  -> (artifact id: 'ac73f5d41e0657187d1f7f7a4484d677') in 0.070065 seconds
  Import took 0.074942 seconds .

========================================================================
Received Import Request.
  Time since last request: 3.670161 seconds.
  path: Assets/Prefabs/Doors/GreenDoor 2.prefab
  artifactKey: Guid(fade38d3771a7ad4aa068815f5dde61b) Importer(815301076,1909f56bfc062723c751e8b465ee728b)
Start importing Assets/Prefabs/Doors/GreenDoor 2.prefab using Guid(fade38d3771a7ad4aa068815f5dde61b) Importer(815301076,1909f56bfc062723c751e8b465ee728b)  -> (artifact id: '695a709894ab00f95d7a40ff30a73407') in 0.020464 seconds
  Import took 0.025837 seconds .

========================================================================
Received Import Request.
  Time since last request: 2.350511 seconds.
  path: Assets/Prefabs/Doors/GreenDoor 1.prefab
  artifactKey: Guid(0d51860aa4998a84f9b6bf92f148f053) Importer(815301076,1909f56bfc062723c751e8b465ee728b)
Start importing Assets/Prefabs/Doors/GreenDoor 1.prefab using Guid(0d51860aa4998a84f9b6bf92f148f053) Importer(815301076,1909f56bfc062723c751e8b465ee728b)  -> (artifact id: '6c07e03a66f962361301c36d8bf1181f') in 0.015379 seconds
  Import took 0.047078 seconds .

========================================================================
Received Import Request.
  Time since last request: 24.375624 seconds.
  path: Assets/Prefabs/UI/Canvas.prefab
  artifactKey: Guid(7cebfca0a2bbe2f4e887adf4adc1bf5a) Importer(815301076,1909f56bfc062723c751e8b465ee728b)
Start importing Assets/Prefabs/UI/Canvas.prefab using Guid(7cebfca0a2bbe2f4e887adf4adc1bf5a) Importer(815301076,1909f56bfc062723c751e8b465ee728b)  -> (artifact id: '189ecdb606b5058f746429bbc960ddd9') in 4.592436 seconds
  Import took 4.618965 seconds .

========================================================================
Received Import Request.
  Time since last request: 28.293568 seconds.
  path: Assets/Prefabs/Environment.prefab
  artifactKey: Guid(7a6268b5027659d46a03e38de9f5fc26) Importer(815301076,1909f56bfc062723c751e8b465ee728b)
Start importing Assets/Prefabs/Environment.prefab using Guid(7a6268b5027659d46a03e38de9f5fc26) Importer(815301076,1909f56bfc062723c751e8b465ee728b)  -> (artifact id: '735c7d2166b4837754dde6eb7df1317d') in 2.890024 seconds
  Import took 3.027742 seconds .

========================================================================
Received Import Request.
  Time since last request: 0.000180 seconds.
  path: Assets/Prefabs/GreenFloorCorner.prefab
  artifactKey: Guid(2fde38eee062e3f4bbea5082f5e9f27c) Importer(815301076,1909f56bfc062723c751e8b465ee728b)
Start importing Assets/Prefabs/GreenFloorCorner.prefab using Guid(2fde38eee062e3f4bbea5082f5e9f27c) Importer(815301076,1909f56bfc062723c751e8b465ee728b)  -> (artifact id: '4cbe83b7ea1d071a742e462b48c50834') in 0.035831 seconds
  Import took 0.101838 seconds .

========================================================================
Received Import Request.
  Time since last request: 0.000174 seconds.
  path: Assets/Prefabs/FinishCorridor.prefab
  artifactKey: Guid(44d15d2846ec7994c80e8f774cea8596) Importer(815301076,1909f56bfc062723c751e8b465ee728b)
Start importing Assets/Prefabs/FinishCorridor.prefab using Guid(44d15d2846ec7994c80e8f774cea8596) Importer(815301076,1909f56bfc062723c751e8b465ee728b)  -> (artifact id: 'd0ff082acfacd612999fe950aaafc319') in 0.154943 seconds
  Import took 0.191764 seconds .

========================================================================
Received Import Request.
  Time since last request: 0.000239 seconds.
  path: Assets/Prefabs/RedFloorCorner.prefab
  artifactKey: Guid(7f6f1f5af7b406b4d95deb967dc9f323) Importer(815301076,1909f56bfc062723c751e8b465ee728b)
Start importing Assets/Prefabs/RedFloorCorner.prefab using Guid(7f6f1f5af7b406b4d95deb967dc9f323) Importer(815301076,1909f56bfc062723c751e8b465ee728b)  -> (artifact id: 'c7f21f0b1fbd710223019634c6646047') in 0.010553 seconds
  Import took 0.016634 seconds .

========================================================================
Received Import Request.
  Time since last request: 0.000180 seconds.
  path: Assets/Prefabs/SquareRedFloor.prefab
  artifactKey: Guid(375a26e15a1b747469837eed08e3ef87) Importer(815301076,1909f56bfc062723c751e8b465ee728b)
Start importing Assets/Prefabs/SquareRedFloor.prefab using Guid(375a26e15a1b747469837eed08e3ef87) Importer(815301076,1909f56bfc062723c751e8b465ee728b)  -> (artifact id: '8ca89400782d1d2ee6edeb31ce943302') in 0.009515 seconds
  Import took 0.014436 seconds .

========================================================================
Received Import Request.
  Time since last request: 0.000181 seconds.
  path: Assets/Prefabs/SquareGreenFloor.prefab
  artifactKey: Guid(e361c231a422b434eb315b91e8adcb1a) Importer(815301076,1909f56bfc062723c751e8b465ee728b)
Start importing Assets/Prefabs/SquareGreenFloor.prefab using Guid(e361c231a422b434eb315b91e8adcb1a) Importer(815301076,1909f56bfc062723c751e8b465ee728b)  -> (artifact id: 'd18ee64c93a856aec1860d2bf5d076e2') in 0.010785 seconds
  Import took 0.036439 seconds .

========================================================================
Received Import Request.
  Time since last request: 0.000174 seconds.
  path: Assets/Prefabs/RedFloor.prefab
  artifactKey: Guid(e3442cfd06a76e54e84d996360c104b4) Importer(815301076,1909f56bfc062723c751e8b465ee728b)
Start importing Assets/Prefabs/RedFloor.prefab using Guid(e3442cfd06a76e54e84d996360c104b4) Importer(815301076,1909f56bfc062723c751e8b465ee728b)  -> (artifact id: 'd82e40502792dc53a93e0eea46c3d5d6') in 0.009044 seconds
  Import took 0.044829 seconds .

========================================================================
Received Import Request.
  Time since last request: 0.000447 seconds.
  path: Assets/Prefabs/GreenFloor.prefab
  artifactKey: Guid(b8e2ba1d7e4cf6d41947c00004c1717e) Importer(815301076,1909f56bfc062723c751e8b465ee728b)
Start importing Assets/Prefabs/GreenFloor.prefab using Guid(b8e2ba1d7e4cf6d41947c00004c1717e) Importer(815301076,1909f56bfc062723c751e8b465ee728b)  -> (artifact id: '3f63c2741255d65214cf772f9607b86e') in 0.015029 seconds
  Import took 0.053856 seconds .

========================================================================
Received Import Request.
  Time since last request: 1.581345 seconds.
  path: Assets/Prefabs/Floors
  artifactKey: Guid(6b7a60f82b31c2441bf2d751ab10226e) Importer(815301076,1909f56bfc062723c751e8b465ee728b)
Start importing Assets/Prefabs/Floors using Guid(6b7a60f82b31c2441bf2d751ab10226e) Importer(815301076,1909f56bfc062723c751e8b465ee728b)  -> (artifact id: 'fe6de64867ef9d11e560bcf33861e552') in 0.006991 seconds
  Import took 0.012542 seconds .

========================================================================
Received Import Request.
  Time since last request: 87.858429 seconds.
  path: Assets/Prefabs/Items/Cap.prefab
  artifactKey: Guid(b7ee03f3ae07b75468d292d3f9658de3) Importer(815301076,1909f56bfc062723c751e8b465ee728b)
Start importing Assets/Prefabs/Items/Cap.prefab using Guid(b7ee03f3ae07b75468d292d3f9658de3) Importer(815301076,1909f56bfc062723c751e8b465ee728b)  -> (artifact id: '12fbb27af1feb449ca835dc771f5c7d7') in 0.074177 seconds
  Import took 0.081538 seconds .

========================================================================
Received Import Request.
  Time since last request: 48.468307 seconds.
  path: Assets/Prefabs/Items/Dancer.prefab
  artifactKey: Guid(da8fff1033b97a642b9def23ad494ce6) Importer(815301076,1909f56bfc062723c751e8b465ee728b)
Start importing Assets/Prefabs/Items/Dancer.prefab using Guid(da8fff1033b97a642b9def23ad494ce6) Importer(815301076,1909f56bfc062723c751e8b465ee728b)  -> (artifact id: 'a293ca1b00138946b8853d4a0ebfdc40') in 0.029149 seconds
  Import took 0.053780 seconds .

========================================================================
Received Import Request.
  Time since last request: 0.000484 seconds.
  path: Assets/Prefabs/Items/MovementDancer.prefab
  artifactKey: Guid(8597454cb7b6f8845a72874125e4cbac) Importer(815301076,1909f56bfc062723c751e8b465ee728b)
Start importing Assets/Prefabs/Items/MovementDancer.prefab using Guid(8597454cb7b6f8845a72874125e4cbac) Importer(815301076,1909f56bfc062723c751e8b465ee728b)  -> (artifact id: '0bf65b7283fe7dd0d6bd9fef5d7d79b0') in 0.041846 seconds
  Import took 0.050668 seconds .

========================================================================
Received Prepare
Registering precompiled user dll's ...
Registered in 0.006505 seconds.
Begin MonoManager ReloadAssembly
Native extension for WindowsStandalone target not found
Refreshing native plugins compatible for Editor in 1.10 ms, found 5 plugins.
Preloading 0 native plugins for Editor in 0.00 ms.
Mono: successfully reloaded assembly
- Completed reload, in  1.083 seconds
Platform modules already initialized, skipping
Switching build target platform(19) subTarget(0) extendedPlatform(0) -> platform(13) subTarget(589824) extendedPlatform(0)
Refreshing native plugins compatible for Editor in 2.94 ms, found 5 plugins.
Preloading 0 native plugins for Editor in 0.00 ms.
Unloading 2686 Unused Serialized files (Serialized files now loaded: 0)
System memory in use before: 228.7 MB.
System memory in use after: 222.8 MB.

Unloading 89 unused Assets to reduce memory usage. Loaded Objects now: 3501.
Total: 4.316200 ms (FindLiveObjects: 0.274300 ms CreateObjectMapping: 0.126200 ms MarkObjects: 1.814600 ms  DeleteObjects: 2.100300 ms)

AssetImportParameters requested are different than current active one (requested -> active):
  custom:graphics/normal-map-encoding: 01000000000000000000000000000000 -> 02000000000000000000000000000000
========================================================================
Received Import Request.
  Time since last request: 160.844093 seconds.
  path: Assets/Epic Toon FX/Prefabs/Interactive/Zone/BasicZone/BasicZoneGreen.prefab
  artifactKey: Guid(087da436576d35542825d392925d79c4) Importer(815301076,1909f56bfc062723c751e8b465ee728b)
Start importing Assets/Epic Toon FX/Prefabs/Interactive/Zone/BasicZone/BasicZoneGreen.prefab using Guid(087da436576d35542825d392925d79c4) Importer(815301076,1909f56bfc062723c751e8b465ee728b)  -> (artifact id: 'afc169cd1dcaa3ec98b3b300a50bb354') in 0.138869 seconds
  Import took 0.180935 seconds .

========================================================================
Received Import Request.
  Time since last request: 0.000177 seconds.
  path: Assets/Epic Toon FX/Prefabs/Combat/Explosions/BulletExplosion/BulletExplosionGreen.prefab
  artifactKey: Guid(bfbeddd8307f4e441aa8ae4537bf45ad) Importer(815301076,1909f56bfc062723c751e8b465ee728b)
Start importing Assets/Epic Toon FX/Prefabs/Combat/Explosions/BulletExplosion/BulletExplosionGreen.prefab using Guid(bfbeddd8307f4e441aa8ae4537bf45ad) Importer(815301076,1909f56bfc062723c751e8b465ee728b)  -> (artifact id: '2b77da82fe31b04761f787d8330d44b5') in 0.027243 seconds
  Import took 0.036696 seconds .

========================================================================
Received Import Request.
  Time since last request: 0.000536 seconds.
  path: Assets/Epic Toon FX/Prefabs/Combat/Missiles/FatBullet/BulletFatGreen.prefab
  artifactKey: Guid(e16ed42fec42f5f4eb4f89b453707d71) Importer(815301076,1909f56bfc062723c751e8b465ee728b)
Start importing Assets/Epic Toon FX/Prefabs/Combat/Missiles/FatBullet/BulletFatGreen.prefab using Guid(e16ed42fec42f5f4eb4f89b453707d71) Importer(815301076,1909f56bfc062723c751e8b465ee728b)  -> (artifact id: '9c09c2ee0119e7e321645581ffb30148') in 0.016858 seconds
  Import took 0.056115 seconds .

========================================================================
Received Import Request.
  Time since last request: 0.000480 seconds.
  path: Assets/Epic Toon FX/Prefabs/Combat/Muzzleflash/BulletFatMuzzle/BulletFatMuzzleGreen.prefab
  artifactKey: Guid(5023fa96dbfa5a44cbb0314e88786a27) Importer(815301076,1909f56bfc062723c751e8b465ee728b)
Start importing Assets/Epic Toon FX/Prefabs/Combat/Muzzleflash/BulletFatMuzzle/BulletFatMuzzleGreen.prefab using Guid(5023fa96dbfa5a44cbb0314e88786a27) Importer(815301076,1909f56bfc062723c751e8b465ee728b)  -> (artifact id: '42d50a676310b3da7a88827fec23b187') in 0.033137 seconds
  Import took 0.042588 seconds .

========================================================================
Received Import Request.
  Time since last request: 0.000176 seconds.
  path: Assets/Epic Toon FX/Prefabs/Combat/Muzzleflash/BulletMuzzle/BulletMuzzleGreen.prefab
  artifactKey: Guid(b812b96d8cdb67b48b7e6da077dbcab2) Importer(815301076,1909f56bfc062723c751e8b465ee728b)
Start importing Assets/Epic Toon FX/Prefabs/Combat/Muzzleflash/BulletMuzzle/BulletMuzzleGreen.prefab using Guid(b812b96d8cdb67b48b7e6da077dbcab2) Importer(815301076,1909f56bfc062723c751e8b465ee728b)  -> (artifact id: 'edfc6b0b18a49a1978a93238198fa3f4') in 0.022585 seconds
  Import took 0.053712 seconds .

========================================================================
Received Import Request.
  Time since last request: 0.000182 seconds.
  path: Assets/Epic Toon FX/Demo/Missile Prefabs/BulletFat/BulletFatGreenOBJ.prefab
  artifactKey: Guid(8ac4879dc3d888148a236c3ab19fdec1) Importer(815301076,1909f56bfc062723c751e8b465ee728b)
Start importing Assets/Epic Toon FX/Demo/Missile Prefabs/BulletFat/BulletFatGreenOBJ.prefab using Guid(8ac4879dc3d888148a236c3ab19fdec1) Importer(815301076,1909f56bfc062723c751e8b465ee728b)  -> (artifact id: '44551b99d51cb7bdff3159a09aef536c') in 0.009177 seconds
  Import took 0.018429 seconds .

========================================================================
Received Import Request.
  Time since last request: 0.000167 seconds.
  path: Assets/Epic Toon FX/Prefabs/Combat/Explosions/BulletFatExplosion/BulletFatExplosionGreen.prefab
  artifactKey: Guid(1fe35c3ac77275e4d81bc09fcde78105) Importer(815301076,1909f56bfc062723c751e8b465ee728b)
Start importing Assets/Epic Toon FX/Prefabs/Combat/Explosions/BulletFatExplosion/BulletFatExplosionGreen.prefab using Guid(1fe35c3ac77275e4d81bc09fcde78105) Importer(815301076,1909f56bfc062723c751e8b465ee728b)  -> (artifact id: 'e2668c4f553819abae4cba526e979d31') in 0.006672 seconds
  Import took 0.024153 seconds .

========================================================================
Received Import Request.
  Time since last request: 0.000174 seconds.
  path: Assets/Epic Toon FX/Prefabs/Interactive/Zone/BasicZoneWall/BasicZoneWallGreen.prefab
  artifactKey: Guid(dff0fd5524b08754e9e2b68478c827b3) Importer(815301076,1909f56bfc062723c751e8b465ee728b)
Start importing Assets/Epic Toon FX/Prefabs/Interactive/Zone/BasicZoneWall/BasicZoneWallGreen.prefab using Guid(dff0fd5524b08754e9e2b68478c827b3) Importer(815301076,1909f56bfc062723c751e8b465ee728b)  -> (artifact id: '801631c191dd2741f27f7b1c8ea2121c') in 0.049404 seconds
  Import took 0.053842 seconds .

========================================================================
Received Import Request.
  Time since last request: 0.730400 seconds.
  path: Assets/Prefabs/Floors/GreenFloor.prefab
  artifactKey: Guid(b8e2ba1d7e4cf6d41947c00004c1717e) Importer(815301076,1909f56bfc062723c751e8b465ee728b)
Start importing Assets/Prefabs/Floors/GreenFloor.prefab using Guid(b8e2ba1d7e4cf6d41947c00004c1717e) Importer(815301076,1909f56bfc062723c751e8b465ee728b)  -> (artifact id: 'ebd699958e3da05014a2420b9b00931b') in 0.016318 seconds
  Import took 0.131582 seconds .

========================================================================
Received Import Request.
  Time since last request: 0.000497 seconds.
  path: Assets/Prefabs/Floors/GreenFloorCorner.prefab
  artifactKey: Guid(2fde38eee062e3f4bbea5082f5e9f27c) Importer(815301076,1909f56bfc062723c751e8b465ee728b)
Start importing Assets/Prefabs/Floors/GreenFloorCorner.prefab using Guid(2fde38eee062e3f4bbea5082f5e9f27c) Importer(815301076,1909f56bfc062723c751e8b465ee728b)  -> (artifact id: '57dbf3c7199a73e00474fc140b30a179') in 0.006198 seconds
  Import took 0.026355 seconds .

========================================================================
Received Prepare
Registering precompiled user dll's ...
Registered in 0.008119 seconds.
Begin MonoManager ReloadAssembly
Native extension for WindowsStandalone target not found
Refreshing native plugins compatible for Editor in 1.12 ms, found 5 plugins.
Preloading 0 native plugins for Editor in 0.00 ms.
Mono: successfully reloaded assembly
- Completed reload, in  1.050 seconds
Platform modules already initialized, skipping
Switching build target platform(19) subTarget(0) extendedPlatform(0) -> platform(13) subTarget(589824) extendedPlatform(0)
Refreshing native plugins compatible for Editor in 1.14 ms, found 5 plugins.
Preloading 0 native plugins for Editor in 0.00 ms.
Unloading 2685 Unused Serialized files (Serialized files now loaded: 0)
System memory in use before: 228.8 MB.
System memory in use after: 222.9 MB.

Unloading 85 unused Assets to reduce memory usage. Loaded Objects now: 3504.
Total: 5.380600 ms (FindLiveObjects: 0.547100 ms CreateObjectMapping: 0.200200 ms MarkObjects: 2.303900 ms  DeleteObjects: 2.328200 ms)

AssetImportParameters requested are different than current active one (requested -> active):
  custom:graphics/normal-map-encoding: 01000000000000000000000000000000 -> 02000000000000000000000000000000
========================================================================
Received Import Request.
  Time since last request: 5.218191 seconds.
  path: Assets/Prefabs/Floors/GreenFloor.prefab
  artifactKey: Guid(b8e2ba1d7e4cf6d41947c00004c1717e) Importer(815301076,1909f56bfc062723c751e8b465ee728b)
Start importing Assets/Prefabs/Floors/GreenFloor.prefab using Guid(b8e2ba1d7e4cf6d41947c00004c1717e) Importer(815301076,1909f56bfc062723c751e8b465ee728b)  -> (artifact id: '4442bcc2a6382003e09d421d9352b663') in 0.046523 seconds
  Import took 0.052204 seconds .

========================================================================
Received Import Request.
  Time since last request: 1.782293 seconds.
  path: Assets/Prefabs/Floors/GreenFloor.prefab
  artifactKey: Guid(b8e2ba1d7e4cf6d41947c00004c1717e) Importer(815301076,1909f56bfc062723c751e8b465ee728b)
Start importing Assets/Prefabs/Floors/GreenFloor.prefab using Guid(b8e2ba1d7e4cf6d41947c00004c1717e) Importer(815301076,1909f56bfc062723c751e8b465ee728b)  -> (artifact id: '4788accd011ae2695fe933c34a3973da') in 0.006762 seconds
  Import took 0.012047 seconds .

========================================================================
Received Prepare
Registering precompiled user dll's ...
Registered in 0.006792 seconds.
Begin MonoManager ReloadAssembly
Native extension for WindowsStandalone target not found
Refreshing native plugins compatible for Editor in 1.11 ms, found 5 plugins.
Preloading 0 native plugins for Editor in 0.00 ms.
Mono: successfully reloaded assembly
- Completed reload, in  1.043 seconds
Platform modules already initialized, skipping
Switching build target platform(19) subTarget(0) extendedPlatform(0) -> platform(13) subTarget(589824) extendedPlatform(0)
Refreshing native plugins compatible for Editor in 1.19 ms, found 5 plugins.
Preloading 0 native plugins for Editor in 0.00 ms.
Unloading 2685 Unused Serialized files (Serialized files now loaded: 0)
System memory in use before: 228.8 MB.
System memory in use after: 222.9 MB.

Unloading 85 unused Assets to reduce memory usage. Loaded Objects now: 3507.
Total: 4.504300 ms (FindLiveObjects: 0.273400 ms CreateObjectMapping: 0.129300 ms MarkObjects: 1.909600 ms  DeleteObjects: 2.191200 ms)

AssetImportParameters requested are different than current active one (requested -> active):
  custom:graphics/normal-map-encoding: 01000000000000000000000000000000 -> 02000000000000000000000000000000
========================================================================
Received Prepare
Registering precompiled user dll's ...
Registered in 0.006687 seconds.
Begin MonoManager ReloadAssembly
Native extension for WindowsStandalone target not found
Refreshing native plugins compatible for Editor in 1.10 ms, found 5 plugins.
Preloading 0 native plugins for Editor in 0.00 ms.
Mono: successfully reloaded assembly
- Completed reload, in  1.069 seconds
Platform modules already initialized, skipping
Switching build target platform(19) subTarget(0) extendedPlatform(0) -> platform(13) subTarget(589824) extendedPlatform(0)
Refreshing native plugins compatible for Editor in 1.10 ms, found 5 plugins.
Preloading 0 native plugins for Editor in 0.00 ms.
Unloading 2685 Unused Serialized files (Serialized files now loaded: 0)
System memory in use before: 228.9 MB.
System memory in use after: 223.0 MB.

Unloading 85 unused Assets to reduce memory usage. Loaded Objects now: 3510.
Total: 4.719500 ms (FindLiveObjects: 0.277100 ms CreateObjectMapping: 0.128400 ms MarkObjects: 1.938700 ms  DeleteObjects: 2.374300 ms)

AssetImportParameters requested are different than current active one (requested -> active):
  custom:graphics/normal-map-encoding: 01000000000000000000000000000000 -> 02000000000000000000000000000000
========================================================================
Received Prepare
Refreshing native plugins compatible for Editor in 7.80 ms, found 5 plugins.
Preloading 0 native plugins for Editor in 0.00 ms.
Unloading 82 Unused Serialized files (Serialized files now loaded: 0)
System memory in use before: 178.5 MB.
System memory in use after: 172.6 MB.

Unloading 82 unused Assets to reduce memory usage. Loaded Objects now: 3510.
Total: 4.344000 ms (FindLiveObjects: 0.260200 ms CreateObjectMapping: 0.118000 ms MarkObjects: 1.694800 ms  DeleteObjects: 2.270300 ms)

========================================================================
Received Prepare
Registering precompiled user dll's ...
Registered in 0.184405 seconds.
Begin MonoManager ReloadAssembly
Native extension for WindowsStandalone target not found
Refreshing native plugins compatible for Editor in 1.41 ms, found 5 plugins.
Preloading 0 native plugins for Editor in 0.00 ms.
Mono: successfully reloaded assembly
- Completed reload, in  1.236 seconds
Platform modules already initialized, skipping
Switching build target platform(19) subTarget(0) extendedPlatform(0) -> platform(13) subTarget(589824) extendedPlatform(0)
Refreshing native plugins compatible for Editor in 1.29 ms, found 5 plugins.
Preloading 0 native plugins for Editor in 0.00 ms.
Unloading 2685 Unused Serialized files (Serialized files now loaded: 0)
System memory in use before: 228.9 MB.
System memory in use after: 223.0 MB.

Unloading 85 unused Assets to reduce memory usage. Loaded Objects now: 3513.
Total: 5.808300 ms (FindLiveObjects: 0.318500 ms CreateObjectMapping: 0.153200 ms MarkObjects: 2.510700 ms  DeleteObjects: 2.824500 ms)

AssetImportParameters requested are different than current active one (requested -> active):
  custom:graphics/normal-map-encoding: 01000000000000000000000000000000 -> 02000000000000000000000000000000
========================================================================
Received Prepare
Registering precompiled user dll's ...
Registered in 0.007124 seconds.
Begin MonoManager ReloadAssembly
Native extension for WindowsStandalone target not found
Refreshing native plugins compatible for Editor in 1.12 ms, found 5 plugins.
Preloading 0 native plugins for Editor in 0.00 ms.
Mono: successfully reloaded assembly
- Completed reload, in  1.115 seconds
Platform modules already initialized, skipping
Switching build target platform(19) subTarget(0) extendedPlatform(0) -> platform(13) subTarget(589824) extendedPlatform(0)
Refreshing native plugins compatible for Editor in 1.25 ms, found 5 plugins.
Preloading 0 native plugins for Editor in 0.00 ms.
Unloading 2685 Unused Serialized files (Serialized files now loaded: 0)
System memory in use before: 228.9 MB.
System memory in use after: 223.0 MB.

Unloading 85 unused Assets to reduce memory usage. Loaded Objects now: 3516.
Total: 4.768200 ms (FindLiveObjects: 0.276800 ms CreateObjectMapping: 0.128700 ms MarkObjects: 2.058500 ms  DeleteObjects: 2.302900 ms)

AssetImportParameters requested are different than current active one (requested -> active):
  custom:graphics/normal-map-encoding: 01000000000000000000000000000000 -> 02000000000000000000000000000000
========================================================================
Received Prepare
Registering precompiled user dll's ...
Registered in 0.006678 seconds.
Begin MonoManager ReloadAssembly
Native extension for WindowsStandalone target not found
Refreshing native plugins compatible for Editor in 1.16 ms, found 5 plugins.
Preloading 0 native plugins for Editor in 0.00 ms.
Mono: successfully reloaded assembly
- Completed reload, in  1.020 seconds
Platform modules already initialized, skipping
Switching build target platform(19) subTarget(0) extendedPlatform(0) -> platform(13) subTarget(589824) extendedPlatform(0)
Refreshing native plugins compatible for Editor in 1.13 ms, found 5 plugins.
Preloading 0 native plugins for Editor in 0.00 ms.
Unloading 2685 Unused Serialized files (Serialized files now loaded: 0)
System memory in use before: 228.9 MB.
System memory in use after: 223.0 MB.

Unloading 85 unused Assets to reduce memory usage. Loaded Objects now: 3519.
Total: 4.728600 ms (FindLiveObjects: 0.323300 ms CreateObjectMapping: 0.153600 ms MarkObjects: 1.930800 ms  DeleteObjects: 2.320300 ms)

AssetImportParameters requested are different than current active one (requested -> active):
  custom:graphics/normal-map-encoding: 01000000000000000000000000000000 -> 02000000000000000000000000000000
========================================================================
Received Prepare
Registering precompiled user dll's ...
Registered in 0.006305 seconds.
Begin MonoManager ReloadAssembly
Native extension for WindowsStandalone target not found
Refreshing native plugins compatible for Editor in 1.11 ms, found 5 plugins.
Preloading 0 native plugins for Editor in 0.00 ms.
Mono: successfully reloaded assembly
- Completed reload, in  1.044 seconds
Platform modules already initialized, skipping
Switching build target platform(19) subTarget(0) extendedPlatform(0) -> platform(13) subTarget(589824) extendedPlatform(0)
Refreshing native plugins compatible for Editor in 1.10 ms, found 5 plugins.
Preloading 0 native plugins for Editor in 0.00 ms.
Unloading 2685 Unused Serialized files (Serialized files now loaded: 0)
System memory in use before: 228.9 MB.
System memory in use after: 223.0 MB.

Unloading 85 unused Assets to reduce memory usage. Loaded Objects now: 3522.
Total: 4.727200 ms (FindLiveObjects: 0.284700 ms CreateObjectMapping: 0.123300 ms MarkObjects: 1.975600 ms  DeleteObjects: 2.342700 ms)

AssetImportParameters requested are different than current active one (requested -> active):
  custom:graphics/normal-map-encoding: 01000000000000000000000000000000 -> 02000000000000000000000000000000
========================================================================
Received Prepare
Registering precompiled user dll's ...
Registered in 0.006426 seconds.
Begin MonoManager ReloadAssembly
Native extension for WindowsStandalone target not found
Refreshing native plugins compatible for Editor in 1.14 ms, found 5 plugins.
Preloading 0 native plugins for Editor in 0.00 ms.
Mono: successfully reloaded assembly
- Completed reload, in  1.049 seconds
Platform modules already initialized, skipping
Switching build target platform(19) subTarget(0) extendedPlatform(0) -> platform(13) subTarget(589824) extendedPlatform(0)
Refreshing native plugins compatible for Editor in 1.12 ms, found 5 plugins.
Preloading 0 native plugins for Editor in 0.00 ms.
Unloading 2685 Unused Serialized files (Serialized files now loaded: 0)
System memory in use before: 228.9 MB.
System memory in use after: 223.0 MB.

Unloading 85 unused Assets to reduce memory usage. Loaded Objects now: 3525.
Total: 4.725500 ms (FindLiveObjects: 0.280100 ms CreateObjectMapping: 0.143000 ms MarkObjects: 1.966600 ms  DeleteObjects: 2.335000 ms)

AssetImportParameters requested are different than current active one (requested -> active):
  custom:graphics/normal-map-encoding: 01000000000000000000000000000000 -> 02000000000000000000000000000000
========================================================================
Received Prepare
Registering precompiled user dll's ...
Registered in 0.007191 seconds.
Begin MonoManager ReloadAssembly
Native extension for WindowsStandalone target not found
Refreshing native plugins compatible for Editor in 1.18 ms, found 5 plugins.
Preloading 0 native plugins for Editor in 0.00 ms.
Mono: successfully reloaded assembly
- Completed reload, in  1.102 seconds
Platform modules already initialized, skipping
Switching build target platform(19) subTarget(0) extendedPlatform(0) -> platform(13) subTarget(589824) extendedPlatform(0)
Refreshing native plugins compatible for Editor in 1.21 ms, found 5 plugins.
Preloading 0 native plugins for Editor in 0.00 ms.
Unloading 2685 Unused Serialized files (Serialized files now loaded: 0)
System memory in use before: 228.9 MB.
System memory in use after: 223.0 MB.

Unloading 85 unused Assets to reduce memory usage. Loaded Objects now: 3528.
Total: 4.647100 ms (FindLiveObjects: 0.296500 ms CreateObjectMapping: 0.135100 ms MarkObjects: 1.780000 ms  DeleteObjects: 2.434700 ms)

AssetImportParameters requested are different than current active one (requested -> active):
  custom:graphics/normal-map-encoding: 01000000000000000000000000000000 -> 02000000000000000000000000000000
========================================================================
Received Prepare
Registering precompiled user dll's ...
Registered in 0.006942 seconds.
Begin MonoManager ReloadAssembly
Native extension for WindowsStandalone target not found
Refreshing native plugins compatible for Editor in 1.13 ms, found 5 plugins.
Preloading 0 native plugins for Editor in 0.00 ms.
Mono: successfully reloaded assembly
- Completed reload, in  1.166 seconds
Platform modules already initialized, skipping
Switching build target platform(19) subTarget(0) extendedPlatform(0) -> platform(13) subTarget(589824) extendedPlatform(0)
Refreshing native plugins compatible for Editor in 1.23 ms, found 5 plugins.
Preloading 0 native plugins for Editor in 0.00 ms.
Unloading 2685 Unused Serialized files (Serialized files now loaded: 0)
System memory in use before: 228.9 MB.
System memory in use after: 223.0 MB.

Unloading 85 unused Assets to reduce memory usage. Loaded Objects now: 3531.
Total: 5.105900 ms (FindLiveObjects: 0.310300 ms CreateObjectMapping: 0.142800 ms MarkObjects: 2.096300 ms  DeleteObjects: 2.555000 ms)

AssetImportParameters requested are different than current active one (requested -> active):
  custom:graphics/normal-map-encoding: 01000000000000000000000000000000 -> 02000000000000000000000000000000
========================================================================
Received Prepare
Refreshing native plugins compatible for Editor in 17.08 ms, found 5 plugins.
Preloading 0 native plugins for Editor in 0.00 ms.
Unloading 82 Unused Serialized files (Serialized files now loaded: 0)
System memory in use before: 178.6 MB.
System memory in use after: 172.6 MB.

Unloading 82 unused Assets to reduce memory usage. Loaded Objects now: 3531.
Total: 6.347000 ms (FindLiveObjects: 0.479200 ms CreateObjectMapping: 0.180400 ms MarkObjects: 2.664800 ms  DeleteObjects: 3.021200 ms)

========================================================================
Received Import Request.
  Time since last request: 2364.229973 seconds.
  path: Assets/Prefabs/Floors/GreenFloor.prefab
  artifactKey: Guid(b8e2ba1d7e4cf6d41947c00004c1717e) Importer(815301076,1909f56bfc062723c751e8b465ee728b)
Start importing Assets/Prefabs/Floors/GreenFloor.prefab using Guid(b8e2ba1d7e4cf6d41947c00004c1717e) Importer(815301076,1909f56bfc062723c751e8b465ee728b)  -> (artifact id: 'acab6d0b282eff509809ef53afe6e447') in 0.280901 seconds
  Import took 0.300729 seconds .

========================================================================
Received Import Request.
  Time since last request: 0.000172 seconds.
  path: Assets/Prefabs/Floors/SquareGreenFloor.prefab
  artifactKey: Guid(e361c231a422b434eb315b91e8adcb1a) Importer(815301076,1909f56bfc062723c751e8b465ee728b)
Start importing Assets/Prefabs/Floors/SquareGreenFloor.prefab using Guid(e361c231a422b434eb315b91e8adcb1a) Importer(815301076,1909f56bfc062723c751e8b465ee728b)  -> (artifact id: 'a4b546b52b92c1059cbdaa59f5096b64') in 0.024539 seconds
  Import took 0.043963 seconds .

========================================================================
Received Import Request.
  Time since last request: 8.679434 seconds.
  path: Assets/Scenes/Level_0.unity
  artifactKey: Guid(5cf39ac5774297b47b9267d02236b25a) Importer(815301076,1909f56bfc062723c751e8b465ee728b)
Start importing Assets/Scenes/Level_0.unity using Guid(5cf39ac5774297b47b9267d02236b25a) Importer(815301076,1909f56bfc062723c751e8b465ee728b)  -> (artifact id: 'a19173f445614e60e79d265b0f0af814') in 0.006959 seconds
  Import took 0.052755 seconds .

========================================================================
Received Import Request.
  Time since last request: 3.816158 seconds.
  path: Assets/Scenes/Level_1.unity
  artifactKey: Guid(d172f896b208f21469c7e06fcbed820a) Importer(815301076,1909f56bfc062723c751e8b465ee728b)
Start importing Assets/Scenes/Level_1.unity using Guid(d172f896b208f21469c7e06fcbed820a) Importer(815301076,1909f56bfc062723c751e8b465ee728b)  -> (artifact id: '34645fc458499858b437dcb5ef4b3b8b') in 0.005992 seconds
  Import took 0.011321 seconds .

========================================================================
Received Import Request.
  Time since last request: 1.816387 seconds.
  path: Assets/Scenes/Level_1 1.unity
  artifactKey: Guid(f88a9d26d224cfc4db90dfd01bcdcdd7) Importer(815301076,1909f56bfc062723c751e8b465ee728b)
Start importing Assets/Scenes/Level_1 1.unity using Guid(f88a9d26d224cfc4db90dfd01bcdcdd7) Importer(815301076,1909f56bfc062723c751e8b465ee728b)  -> (artifact id: 'c3a47afd192aa84e3c8b382396a3c732') in 0.006981 seconds
  Import took 0.013868 seconds .

========================================================================
Received Import Request.
  Time since last request: 0.001334 seconds.
  path: Assets/Scenes/Level_1 1.unity
  artifactKey: Guid(f88a9d26d224cfc4db90dfd01bcdcdd7) Importer(815301076,1909f56bfc062723c751e8b465ee728b)
Start importing Assets/Scenes/Level_1 1.unity using Guid(f88a9d26d224cfc4db90dfd01bcdcdd7) Importer(815301076,1909f56bfc062723c751e8b465ee728b)  -> (artifact id: 'c3a47afd192aa84e3c8b382396a3c732') in 0.001627 seconds
  Import took 0.005980 seconds .

========================================================================
Received Import Request.
  Time since last request: 182.533041 seconds.
  path: Assets/Scenes/Level_2.unity
  artifactKey: Guid(32441f7f056dbd34d9385c0fbfe8a0e3) Importer(815301076,1909f56bfc062723c751e8b465ee728b)
Start importing Assets/Scenes/Level_2.unity using Guid(32441f7f056dbd34d9385c0fbfe8a0e3) Importer(815301076,1909f56bfc062723c751e8b465ee728b)  -> (artifact id: '541745b8c10ab3d48b21c798ef97dcc7') in 0.044450 seconds
  Import took 0.050489 seconds .

========================================================================
Received Import Request.
  Time since last request: 17.710697 seconds.
  path: Assets/Scenes/Level_4.unity
  artifactKey: Guid(9056fd093f62af640878975f4ab67e73) Importer(815301076,1909f56bfc062723c751e8b465ee728b)
Start importing Assets/Scenes/Level_4.unity using Guid(9056fd093f62af640878975f4ab67e73) Importer(815301076,1909f56bfc062723c751e8b465ee728b)  -> (artifact id: '3f24a9761c47d50c9cb9f0dd1b39675c') in 0.014088 seconds
  Import took 0.046583 seconds .

========================================================================
Received Import Request.
  Time since last request: 25.307620 seconds.
  path: Assets/Scenes/Level_7.unity
  artifactKey: Guid(96d039b1aa155f0408c3f5e62a4515cb) Importer(815301076,1909f56bfc062723c751e8b465ee728b)
Start importing Assets/Scenes/Level_7.unity using Guid(96d039b1aa155f0408c3f5e62a4515cb) Importer(815301076,1909f56bfc062723c751e8b465ee728b)  -> (artifact id: '3979cbd1a1e0b3cee2b44b336fd48be7') in 0.007813 seconds
  Import took 0.036946 seconds .

========================================================================
Received Import Request.
  Time since last request: 27.911773 seconds.
  path: Assets/Scenes/Level_8.unity
  artifactKey: Guid(20c34cbeeaeb6f345871e97999cdc9e2) Importer(815301076,1909f56bfc062723c751e8b465ee728b)
Start importing Assets/Scenes/Level_8.unity using Guid(20c34cbeeaeb6f345871e97999cdc9e2) Importer(815301076,1909f56bfc062723c751e8b465ee728b)  -> (artifact id: '5e432450d222c0b7604c59e5d6d33c92') in 0.033896 seconds
  Import took 0.063173 seconds .

========================================================================
Received Import Request.
  Time since last request: 120.339453 seconds.
  path: Assets/Scenes/Level_0.unity
  artifactKey: Guid(5cf39ac5774297b47b9267d02236b25a) Importer(815301076,1909f56bfc062723c751e8b465ee728b)
Start importing Assets/Scenes/Level_0.unity using Guid(5cf39ac5774297b47b9267d02236b25a) Importer(815301076,1909f56bfc062723c751e8b465ee728b)  -> (artifact id: 'ed3bb9359aea2cb11275a65272d02aaf') in 0.005561 seconds
  Import took 0.010377 seconds .

