Using pre-set license
Built from '2020.3/staging' branch; Version is '2020.3.10f1 (297d780c91bc) revision 2719096'; Using compiler version '192528614'; Build Type 'Release'
OS: 'Windows 10 Home Single Language; OS build 19042.1237; Version 2009; 64bit' Language: 'ru' Physical Memory: 16196 MB
BatchMode: 1, IsHumanControllingUs: 0, StartBugReporterOnCrash: 0, Is64bit: 1, IsPro: 0

 COMMAND LINE ARGUMENTS:
C:\Program Files\Unity\Hub\Editor\2020.3.10f1\Editor\Unity.exe
-adb2
-batchMode
-noUpm
-name
AssetImportWorker1
-projectPath
D:/Repos/TikTok Master
-logFile
Logs/AssetImportWorker1.log
-srvPort
59861
Successfully changed project path to: D:/Repos/TikTok Master
D:/Repos/TikTok Master
Using Asset Import Pipeline V2.
Refreshing native plugins compatible for Editor in 1578.55 ms, found 5 plugins.
Preloading 0 native plugins for Editor in 0.00 ms.
Initialize engine version: 2020.3.10f1 (297d780c91bc)
[Subsystems] Discovering subsystems at path C:/Program Files/Unity/Hub/Editor/2020.3.10f1/Editor/Data/Resources/UnitySubsystems
[Subsystems] Discovering subsystems at path D:/Repos/TikTok Master/Assets
GfxDevice: creating device client; threaded=0
Direct3D:
    Version:  Direct3D 11.0 [level 11.1]
    Renderer: NVIDIA GeForce RTX 2060 (ID=0x1f11)
    Vendor:   
    VRAM:     5980 MB
    Driver:   27.21.14.6231
Initialize mono
Mono path[0] = 'C:/Program Files/Unity/Hub/Editor/2020.3.10f1/Editor/Data/Managed'
Mono path[1] = 'C:/Program Files/Unity/Hub/Editor/2020.3.10f1/Editor/Data/MonoBleedingEdge/lib/mono/unityjit'
Mono config path = 'C:/Program Files/Unity/Hub/Editor/2020.3.10f1/Editor/Data/MonoBleedingEdge/etc'
Using monoOptions --debugger-agent=transport=dt_socket,embedding=1,server=y,suspend=n,address=127.0.0.1:56644
Begin MonoManager ReloadAssembly
Registering precompiled unity dll's ...
Register platform support module: C:/Program Files/Unity/Hub/Editor/2020.3.10f1/Editor/Data/PlaybackEngines/WindowsStandaloneSupport/UnityEditor.WindowsStandalone.Extensions.dll
Registered in 0.001862 seconds.
Native extension for WindowsStandalone target not found
Refreshing native plugins compatible for Editor in 84.67 ms, found 5 plugins.
Preloading 0 native plugins for Editor in 0.00 ms.
Mono: successfully reloaded assembly
- Completed reload, in  5.634 seconds
Platform modules already initialized, skipping
Registering precompiled user dll's ...
Registered in 0.007772 seconds.
Begin MonoManager ReloadAssembly
Native extension for WindowsStandalone target not found
Refreshing native plugins compatible for Editor in 1.09 ms, found 5 plugins.
Preloading 0 native plugins for Editor in 0.00 ms.
Mono: successfully reloaded assembly
- Completed reload, in  1.144 seconds
Platform modules already initialized, skipping
========================================================================
Worker process is ready to serve import requests
Launched and connected shader compiler UnityShaderCompiler.exe after 0.07 seconds
Refreshing native plugins compatible for Editor in 1.05 ms, found 5 plugins.
Preloading 0 native plugins for Editor in 0.00 ms.
Unloading 2776 Unused Serialized files (Serialized files now loaded: 0)
System memory in use before: 232.5 MB.
System memory in use after: 226.5 MB.

Unloading 90 unused Assets to reduce memory usage. Loaded Objects now: 3433.
Total: 4.157000 ms (FindLiveObjects: 0.286800 ms CreateObjectMapping: 0.147800 ms MarkObjects: 1.674200 ms  DeleteObjects: 2.047400 ms)

========================================================================
Received Import Request.
  path: Assets/Scenes/Level_2.unity
  artifactKey: Guid(32441f7f056dbd34d9385c0fbfe8a0e3) Importer(815301076,1909f56bfc062723c751e8b465ee728b)
Start importing Assets/Scenes/Level_2.unity using Guid(32441f7f056dbd34d9385c0fbfe8a0e3) Importer(815301076,1909f56bfc062723c751e8b465ee728b)  -> (artifact id: '6b2fbe0b959057afb66431aebb1a49cd') in 0.031613 seconds
  Import took 0.074087 seconds .

========================================================================
Received Import Request.
  Time since last request: 8.747038 seconds.
  path: Assets/Scenes/Level_5 1.unity
  artifactKey: Guid(5f39d8dae90c99345b07ea88415180ac) Importer(815301076,1909f56bfc062723c751e8b465ee728b)
Start importing Assets/Scenes/Level_5 1.unity using Guid(5f39d8dae90c99345b07ea88415180ac) Importer(815301076,1909f56bfc062723c751e8b465ee728b)  -> (artifact id: '48932943335ca4213e455f3e0e93bdde') in 0.006478 seconds
  Import took 0.058875 seconds .

========================================================================
Received Import Request.
  Time since last request: 4.294355 seconds.
  path: Assets/Scenes/Level_16.unity
  artifactKey: Guid(92457f197d3695946ac94268013000a1) Importer(815301076,1909f56bfc062723c751e8b465ee728b)
Start importing Assets/Scenes/Level_16.unity using Guid(92457f197d3695946ac94268013000a1) Importer(815301076,1909f56bfc062723c751e8b465ee728b)  -> (artifact id: '7c530d07ecb8cdd18bf5ea2ff6933289') in 0.006875 seconds
  Import took 0.064203 seconds .

========================================================================
Received Import Request.
  Time since last request: 4.228638 seconds.
  path: Assets/Scenes/Level_15 1.unity
  artifactKey: Guid(8691bb86bc6fb93468f2825100325959) Importer(815301076,1909f56bfc062723c751e8b465ee728b)
Start importing Assets/Scenes/Level_15 1.unity using Guid(8691bb86bc6fb93468f2825100325959) Importer(815301076,1909f56bfc062723c751e8b465ee728b)  -> (artifact id: 'c234ad81f2793e56adb89512eb3ef897') in 0.007360 seconds
  Import took 0.046961 seconds .

========================================================================
Received Prepare
Registering precompiled user dll's ...
Registered in 0.006335 seconds.
Begin MonoManager ReloadAssembly
Native extension for WindowsStandalone target not found
Refreshing native plugins compatible for Editor in 1.16 ms, found 5 plugins.
Preloading 0 native plugins for Editor in 0.00 ms.
Mono: successfully reloaded assembly
- Completed reload, in  1.241 seconds
Platform modules already initialized, skipping
Switching build target platform(19) subTarget(0) extendedPlatform(0) -> platform(13) subTarget(589824) extendedPlatform(0)
Refreshing native plugins compatible for Editor in 1.17 ms, found 5 plugins.
Preloading 0 native plugins for Editor in 0.00 ms.
Unloading 2629 Unused Serialized files (Serialized files now loaded: 0)
System memory in use before: 217.1 MB.
System memory in use after: 211.2 MB.

Unloading 81 unused Assets to reduce memory usage. Loaded Objects now: 3437.
Total: 4.814000 ms (FindLiveObjects: 0.383100 ms CreateObjectMapping: 0.160100 ms MarkObjects: 2.125900 ms  DeleteObjects: 2.142200 ms)

AssetImportParameters requested are different than current active one (requested -> active):
  custom:graphics/normal-map-encoding: 01000000000000000000000000000000 -> 02000000000000000000000000000000
========================================================================
Received Prepare
Refreshing native plugins compatible for Editor in 7.40 ms, found 5 plugins.
Preloading 0 native plugins for Editor in 0.00 ms.
Unloading 78 Unused Serialized files (Serialized files now loaded: 0)
System memory in use before: 167.6 MB.
System memory in use after: 161.7 MB.

Unloading 78 unused Assets to reduce memory usage. Loaded Objects now: 3437.
Total: 4.247200 ms (FindLiveObjects: 0.261000 ms CreateObjectMapping: 0.132400 ms MarkObjects: 1.690000 ms  DeleteObjects: 2.163000 ms)

========================================================================
Received Prepare
Registering precompiled user dll's ...
Registered in 0.006705 seconds.
Begin MonoManager ReloadAssembly
Native extension for WindowsStandalone target not found
Refreshing native plugins compatible for Editor in 1.06 ms, found 5 plugins.
Preloading 0 native plugins for Editor in 0.00 ms.
Mono: successfully reloaded assembly
- Completed reload, in  1.061 seconds
Platform modules already initialized, skipping
Switching build target platform(19) subTarget(0) extendedPlatform(0) -> platform(13) subTarget(589824) extendedPlatform(0)
Refreshing native plugins compatible for Editor in 1.06 ms, found 5 plugins.
Preloading 0 native plugins for Editor in 0.00 ms.
Unloading 2628 Unused Serialized files (Serialized files now loaded: 0)
System memory in use before: 217.1 MB.
System memory in use after: 211.2 MB.

Unloading 81 unused Assets to reduce memory usage. Loaded Objects now: 3440.
Total: 4.892500 ms (FindLiveObjects: 0.275600 ms CreateObjectMapping: 0.153200 ms MarkObjects: 2.273900 ms  DeleteObjects: 2.188900 ms)

AssetImportParameters requested are different than current active one (requested -> active):
  custom:graphics/normal-map-encoding: 01000000000000000000000000000000 -> 02000000000000000000000000000000
========================================================================
Received Prepare
Registering precompiled user dll's ...
Registered in 0.006533 seconds.
Begin MonoManager ReloadAssembly
Native extension for WindowsStandalone target not found
Refreshing native plugins compatible for Editor in 1.80 ms, found 5 plugins.
Preloading 0 native plugins for Editor in 0.00 ms.
Mono: successfully reloaded assembly
- Completed reload, in  1.270 seconds
Platform modules already initialized, skipping
Switching build target platform(19) subTarget(0) extendedPlatform(0) -> platform(13) subTarget(589824) extendedPlatform(0)
Refreshing native plugins compatible for Editor in 1.89 ms, found 5 plugins.
Preloading 0 native plugins for Editor in 0.00 ms.
Unloading 2628 Unused Serialized files (Serialized files now loaded: 0)
System memory in use before: 217.2 MB.
System memory in use after: 211.3 MB.

Unloading 81 unused Assets to reduce memory usage. Loaded Objects now: 3443.
Total: 6.016600 ms (FindLiveObjects: 0.329200 ms CreateObjectMapping: 0.140900 ms MarkObjects: 2.573900 ms  DeleteObjects: 2.971400 ms)

AssetImportParameters requested are different than current active one (requested -> active):
  custom:graphics/normal-map-encoding: 01000000000000000000000000000000 -> 02000000000000000000000000000000
========================================================================
Received Prepare
Registering precompiled user dll's ...
Registered in 0.006539 seconds.
Begin MonoManager ReloadAssembly
Native extension for WindowsStandalone target not found
Refreshing native plugins compatible for Editor in 1.25 ms, found 5 plugins.
Preloading 0 native plugins for Editor in 0.00 ms.
Mono: successfully reloaded assembly
- Completed reload, in  1.114 seconds
Platform modules already initialized, skipping
Switching build target platform(19) subTarget(0) extendedPlatform(0) -> platform(13) subTarget(589824) extendedPlatform(0)
Refreshing native plugins compatible for Editor in 1.28 ms, found 5 plugins.
Preloading 0 native plugins for Editor in 0.00 ms.
Unloading 2628 Unused Serialized files (Serialized files now loaded: 0)
System memory in use before: 217.2 MB.
System memory in use after: 211.3 MB.

Unloading 81 unused Assets to reduce memory usage. Loaded Objects now: 3446.
Total: 4.673600 ms (FindLiveObjects: 0.270500 ms CreateObjectMapping: 0.141400 ms MarkObjects: 1.812300 ms  DeleteObjects: 2.448300 ms)

AssetImportParameters requested are different than current active one (requested -> active):
  custom:graphics/normal-map-encoding: 01000000000000000000000000000000 -> 02000000000000000000000000000000
========================================================================
Received Prepare
Registering precompiled user dll's ...
Registered in 0.007081 seconds.
Begin MonoManager ReloadAssembly
Native extension for WindowsStandalone target not found
Refreshing native plugins compatible for Editor in 1.08 ms, found 5 plugins.
Preloading 0 native plugins for Editor in 0.00 ms.
Mono: successfully reloaded assembly
- Completed reload, in  1.065 seconds
Platform modules already initialized, skipping
Switching build target platform(19) subTarget(0) extendedPlatform(0) -> platform(13) subTarget(589824) extendedPlatform(0)
Refreshing native plugins compatible for Editor in 1.07 ms, found 5 plugins.
Preloading 0 native plugins for Editor in 0.00 ms.
Unloading 2628 Unused Serialized files (Serialized files now loaded: 0)
System memory in use before: 217.3 MB.
System memory in use after: 211.4 MB.

Unloading 81 unused Assets to reduce memory usage. Loaded Objects now: 3449.
Total: 4.344000 ms (FindLiveObjects: 0.258200 ms CreateObjectMapping: 0.139900 ms MarkObjects: 1.703900 ms  DeleteObjects: 2.241400 ms)

AssetImportParameters requested are different than current active one (requested -> active):
  custom:graphics/normal-map-encoding: 01000000000000000000000000000000 -> 02000000000000000000000000000000
========================================================================
Received Import Request.
  Time since last request: 611.145350 seconds.
  path: Assets/Scenes/Level_1.unity
  artifactKey: Guid(d172f896b208f21469c7e06fcbed820a) Importer(815301076,1909f56bfc062723c751e8b465ee728b)
Start importing Assets/Scenes/Level_1.unity using Guid(d172f896b208f21469c7e06fcbed820a) Importer(815301076,1909f56bfc062723c751e8b465ee728b)  -> (artifact id: '9fa8558829c28ae3c3f2dcfd7c2a4e84') in 0.052006 seconds
  Import took 0.173460 seconds .

========================================================================
Received Import Request.
  Time since last request: 7.129312 seconds.
  path: Assets/Scenes/Level_2 1.unity
  artifactKey: Guid(23af83e1f87bdb943890c8d93615d1a9) Importer(815301076,1909f56bfc062723c751e8b465ee728b)
Start importing Assets/Scenes/Level_2 1.unity using Guid(23af83e1f87bdb943890c8d93615d1a9) Importer(815301076,1909f56bfc062723c751e8b465ee728b)  -> (artifact id: '8ec61f0d1d15113b1a9f176baf3dfc85') in 0.007733 seconds
  Import took 0.029568 seconds .

========================================================================
Received Import Request.
  Time since last request: 4.103540 seconds.
  path: Assets/Scenes/Level_4 1.unity
  artifactKey: Guid(78f58006e6e0c4444a7f6f228db4590e) Importer(815301076,1909f56bfc062723c751e8b465ee728b)
Start importing Assets/Scenes/Level_4 1.unity using Guid(78f58006e6e0c4444a7f6f228db4590e) Importer(815301076,1909f56bfc062723c751e8b465ee728b)  -> (artifact id: 'a9d1cf98790d6737b4988c0358e4ef1a') in 0.008433 seconds
  Import took 0.074686 seconds .

========================================================================
Received Import Request.
  Time since last request: 46.630666 seconds.
  path: Assets/Plugins/TypedScenes/Core/Player.prefab
  artifactKey: Guid(03b4b0dbc75d13244a54e15fc8f56153) Importer(815301076,1909f56bfc062723c751e8b465ee728b)
Start importing Assets/Plugins/TypedScenes/Core/Player.prefab using Guid(03b4b0dbc75d13244a54e15fc8f56153) Importer(815301076,1909f56bfc062723c751e8b465ee728b)  -> (artifact id: 'ab01d0c38c22fdf1a3b430f93f6cb19c') in 0.570010 seconds
  Import took 0.599494 seconds .

========================================================================
Received Import Request.
  Time since last request: 7.348259 seconds.
  path: Assets/Prefabs/Player.prefab
  artifactKey: Guid(f32d715a49c9f2c468424c31e6801fd2) Importer(815301076,1909f56bfc062723c751e8b465ee728b)
Start importing Assets/Prefabs/Player.prefab using Guid(f32d715a49c9f2c468424c31e6801fd2) Importer(815301076,1909f56bfc062723c751e8b465ee728b)  -> (artifact id: '3591081f4c47b22d20dd347782324963') in 0.262936 seconds
  Import took 0.318243 seconds .

========================================================================
Received Import Request.
  Time since last request: 1.905677 seconds.
  path: Assets/Plugins/TypedScenes/Core/Player 1.prefab
  artifactKey: Guid(b070bf32e2d014e4d80ee69e345a1038) Importer(815301076,1909f56bfc062723c751e8b465ee728b)
Start importing Assets/Plugins/TypedScenes/Core/Player 1.prefab using Guid(b070bf32e2d014e4d80ee69e345a1038) Importer(815301076,1909f56bfc062723c751e8b465ee728b)  -> (artifact id: '0158d67b34aa3a59ada26588b9137cee') in 0.086548 seconds
  Import took 0.123413 seconds .

========================================================================
Received Import Request.
  Time since last request: 18.023464 seconds.
  path: Assets/Scenes/Level_10 1.unity
  artifactKey: Guid(8881b9568f9ba3b4f910e482eb75807e) Importer(815301076,1909f56bfc062723c751e8b465ee728b)
Start importing Assets/Scenes/Level_10 1.unity using Guid(8881b9568f9ba3b4f910e482eb75807e) Importer(815301076,1909f56bfc062723c751e8b465ee728b)  -> (artifact id: '4d5ada710b84d82a387679a74dcb0365') in 0.007092 seconds
  Import took 0.058915 seconds .

========================================================================
Received Import Request.
  Time since last request: 6.946560 seconds.
  path: Assets/Scenes/Level_14 1.unity
  artifactKey: Guid(2f430fca9e4c5c34c812922751fef68c) Importer(815301076,1909f56bfc062723c751e8b465ee728b)
Start importing Assets/Scenes/Level_14 1.unity using Guid(2f430fca9e4c5c34c812922751fef68c) Importer(815301076,1909f56bfc062723c751e8b465ee728b)  -> (artifact id: '5a74a501896fcc68ea694edfdceabb38') in 0.009300 seconds
  Import took 0.046383 seconds .

========================================================================
Received Import Request.
  Time since last request: 4.532299 seconds.
  path: Assets/Scenes/Level_17 1.unity
  artifactKey: Guid(61bcc233b58f90447a918197bfc29fa6) Importer(815301076,1909f56bfc062723c751e8b465ee728b)
Start importing Assets/Scenes/Level_17 1.unity using Guid(61bcc233b58f90447a918197bfc29fa6) Importer(815301076,1909f56bfc062723c751e8b465ee728b)  -> (artifact id: 'adaa1038f31b74ff72caf5cfc4ffca90') in 0.007207 seconds
  Import took 0.037406 seconds .

========================================================================
Received Prepare
Refreshing native plugins compatible for Editor in 7.56 ms, found 5 plugins.
Preloading 0 native plugins for Editor in 0.00 ms.
Unloading 78 Unused Serialized files (Serialized files now loaded: 0)
System memory in use before: 174.6 MB.
System memory in use after: 168.7 MB.

Unloading 78 unused Assets to reduce memory usage. Loaded Objects now: 3456.
Total: 5.285100 ms (FindLiveObjects: 0.265200 ms CreateObjectMapping: 0.128300 ms MarkObjects: 2.575000 ms  DeleteObjects: 2.316000 ms)

========================================================================
Received Import Request.
  Time since last request: 254.366895 seconds.
  path: Assets/Plugins/TypedScenes/Core/Player.prefab
  artifactKey: Guid(03b4b0dbc75d13244a54e15fc8f56153) Importer(815301076,1909f56bfc062723c751e8b465ee728b)
Start importing Assets/Plugins/TypedScenes/Core/Player.prefab using Guid(03b4b0dbc75d13244a54e15fc8f56153) Importer(815301076,1909f56bfc062723c751e8b465ee728b)  -> (artifact id: 'fd697704c4d4adc86b67b1e329981b38') in 0.034245 seconds
  Import took 0.061250 seconds .

========================================================================
Received Import Request.
  Time since last request: 6.560358 seconds.
  path: Assets/Prefabs/Player.prefab
  artifactKey: Guid(f32d715a49c9f2c468424c31e6801fd2) Importer(815301076,1909f56bfc062723c751e8b465ee728b)
Start importing Assets/Prefabs/Player.prefab using Guid(f32d715a49c9f2c468424c31e6801fd2) Importer(815301076,1909f56bfc062723c751e8b465ee728b)  -> (artifact id: '1b3b85ac97ed9aa763b2174ec38547aa') in 0.059481 seconds
  Import took 0.129714 seconds .

========================================================================
Received Import Request.
  Time since last request: 22.779127 seconds.
  path: Assets/Scenes/Level_4 1.unity
  artifactKey: Guid(78f58006e6e0c4444a7f6f228db4590e) Importer(815301076,1909f56bfc062723c751e8b465ee728b)
Start importing Assets/Scenes/Level_4 1.unity using Guid(78f58006e6e0c4444a7f6f228db4590e) Importer(815301076,1909f56bfc062723c751e8b465ee728b)  -> (artifact id: 'b54e9b38ecd9b3fad60f8d826e43d846') in 0.003110 seconds
  Import took 0.104420 seconds .

========================================================================
Received Import Request.
  Time since last request: 36.175377 seconds.
  path: Assets/Scenes/Level_15 1.unity
  artifactKey: Guid(8691bb86bc6fb93468f2825100325959) Importer(815301076,1909f56bfc062723c751e8b465ee728b)
Start importing Assets/Scenes/Level_15 1.unity using Guid(8691bb86bc6fb93468f2825100325959) Importer(815301076,1909f56bfc062723c751e8b465ee728b)  -> (artifact id: 'a4a691b7c2f1944699366ece104fe503') in 0.002172 seconds
  Import took 0.038178 seconds .

========================================================================
Received Prepare
Registering precompiled user dll's ...
Registered in 0.006428 seconds.
Begin MonoManager ReloadAssembly
Native extension for WindowsStandalone target not found
Refreshing native plugins compatible for Editor in 1.07 ms, found 5 plugins.
Preloading 0 native plugins for Editor in 0.00 ms.
Mono: successfully reloaded assembly
- Completed reload, in  1.078 seconds
Platform modules already initialized, skipping
Switching build target platform(19) subTarget(0) extendedPlatform(0) -> platform(13) subTarget(589824) extendedPlatform(0)
Refreshing native plugins compatible for Editor in 1.10 ms, found 5 plugins.
Preloading 0 native plugins for Editor in 0.00 ms.
Unloading 2628 Unused Serialized files (Serialized files now loaded: 0)
System memory in use before: 220.5 MB.
System memory in use after: 214.6 MB.

Unloading 81 unused Assets to reduce memory usage. Loaded Objects now: 3459.
Total: 4.275000 ms (FindLiveObjects: 0.281600 ms CreateObjectMapping: 0.144500 ms MarkObjects: 1.726500 ms  DeleteObjects: 2.121500 ms)

AssetImportParameters requested are different than current active one (requested -> active):
  custom:graphics/normal-map-encoding: 01000000000000000000000000000000 -> 02000000000000000000000000000000
========================================================================
Received Import Request.
  Time since last request: 132.217379 seconds.
  path: Assets/Plugins/TypedScenes/Core/Player 1.prefab
  artifactKey: Guid(b070bf32e2d014e4d80ee69e345a1038) Importer(815301076,1909f56bfc062723c751e8b465ee728b)
Start importing Assets/Plugins/TypedScenes/Core/Player 1.prefab using Guid(b070bf32e2d014e4d80ee69e345a1038) Importer(815301076,1909f56bfc062723c751e8b465ee728b)  -> (artifact id: '99ee4a89d737f111258070c8aa22e8db') in 0.125418 seconds
  Import took 0.252979 seconds .

========================================================================
Received Import Request.
  Time since last request: 42.051913 seconds.
  path: Assets/Scenes/Level_1.unity
  artifactKey: Guid(d172f896b208f21469c7e06fcbed820a) Importer(815301076,1909f56bfc062723c751e8b465ee728b)
Start importing Assets/Scenes/Level_1.unity using Guid(d172f896b208f21469c7e06fcbed820a) Importer(815301076,1909f56bfc062723c751e8b465ee728b)  -> (artifact id: '63dad234045c3b0806ec5388cdc42229') in 0.002588 seconds
  Import took 0.038849 seconds .

========================================================================
Received Import Request.
  Time since last request: 7.567020 seconds.
  path: Assets/Scenes/Level_3.unity
  artifactKey: Guid(3f6cf64b7b2ba7340babc50b6165364f) Importer(815301076,1909f56bfc062723c751e8b465ee728b)
Start importing Assets/Scenes/Level_3.unity using Guid(3f6cf64b7b2ba7340babc50b6165364f) Importer(815301076,1909f56bfc062723c751e8b465ee728b)  -> (artifact id: 'f6a33fbc01845dec549b09718f4be1a0') in 0.025280 seconds
  Import took 0.064915 seconds .

========================================================================
Received Import Request.
  Time since last request: 33.499639 seconds.
  path: Assets/Scenes/Level_6.unity
  artifactKey: Guid(f4212fcde2543ab4f95bbd9a27a53379) Importer(815301076,1909f56bfc062723c751e8b465ee728b)
Start importing Assets/Scenes/Level_6.unity using Guid(f4212fcde2543ab4f95bbd9a27a53379) Importer(815301076,1909f56bfc062723c751e8b465ee728b)  -> (artifact id: 'e85c773385b131d7eac03c740ed73bc7') in 0.099813 seconds
  Import took 0.135205 seconds .

========================================================================
Received Import Request.
  Time since last request: 28.176084 seconds.
  path: Assets/Scenes/Level_12.unity
  artifactKey: Guid(115c7f789e14fba47bf6a151e86a1eab) Importer(815301076,1909f56bfc062723c751e8b465ee728b)
Start importing Assets/Scenes/Level_12.unity using Guid(115c7f789e14fba47bf6a151e86a1eab) Importer(815301076,1909f56bfc062723c751e8b465ee728b)  -> (artifact id: '2e6625c3e879eaadc5edf2bce1baf45c') in 0.005966 seconds
  Import took 0.131141 seconds .

========================================================================
Received Import Request.
  Time since last request: 13.991715 seconds.
  path: Assets/Scenes/Level_18.unity
  artifactKey: Guid(a3602c626a80e854482b3ac55605e758) Importer(815301076,1909f56bfc062723c751e8b465ee728b)
Start importing Assets/Scenes/Level_18.unity using Guid(a3602c626a80e854482b3ac55605e758) Importer(815301076,1909f56bfc062723c751e8b465ee728b)  -> (artifact id: '98212a361272282159f03f4f54525f85') in 0.020157 seconds
  Import took 0.059562 seconds .

========================================================================
Received Import Request.
  Time since last request: 7.150548 seconds.
  path: Assets/Scenes/Level_17.unity
  artifactKey: Guid(dcde3be81b9946848862190cd8bffdc7) Importer(815301076,1909f56bfc062723c751e8b465ee728b)
Start importing Assets/Scenes/Level_17.unity using Guid(dcde3be81b9946848862190cd8bffdc7) Importer(815301076,1909f56bfc062723c751e8b465ee728b)  -> (artifact id: 'f5c83936ad39aeb26d96b03de60b2858') in 0.124981 seconds
  Import took 0.155186 seconds .

========================================================================
Received Import Request.
  Time since last request: 10.422330 seconds.
  path: Assets/Scenes/Level_14.unity
  artifactKey: Guid(9ce211eea41b3d14b84dae84aad29425) Importer(815301076,1909f56bfc062723c751e8b465ee728b)
Start importing Assets/Scenes/Level_14.unity using Guid(9ce211eea41b3d14b84dae84aad29425) Importer(815301076,1909f56bfc062723c751e8b465ee728b)  -> (artifact id: '30473c93e7e86491eb8207372e1c88aa') in 0.006208 seconds
  Import took 0.105094 seconds .

========================================================================
Received Import Request.
  Time since last request: 6.468601 seconds.
  path: Assets/Scenes/Level_13.unity
  artifactKey: Guid(6643f124ed4ad8e4ab3e69bb73ffadbc) Importer(815301076,1909f56bfc062723c751e8b465ee728b)
Start importing Assets/Scenes/Level_13.unity using Guid(6643f124ed4ad8e4ab3e69bb73ffadbc) Importer(815301076,1909f56bfc062723c751e8b465ee728b)  -> (artifact id: 'a93075c37045695879d3716d2517ed7f') in 0.005709 seconds
  Import took 0.118583 seconds .

========================================================================
Received Import Request.
  Time since last request: 3.012819 seconds.
  path: Assets/Scenes/Level_12.unity
  artifactKey: Guid(115c7f789e14fba47bf6a151e86a1eab) Importer(815301076,1909f56bfc062723c751e8b465ee728b)
Start importing Assets/Scenes/Level_12.unity using Guid(115c7f789e14fba47bf6a151e86a1eab) Importer(815301076,1909f56bfc062723c751e8b465ee728b)  -> (artifact id: 'c69840bbb736f573fb6b7693119b667d') in 0.002296 seconds
  Import took 0.110389 seconds .

========================================================================
Received Import Request.
  Time since last request: 31.522996 seconds.
  path: Assets/Scenes/Level_4.unity
  artifactKey: Guid(9056fd093f62af640878975f4ab67e73) Importer(815301076,1909f56bfc062723c751e8b465ee728b)
Start importing Assets/Scenes/Level_4.unity using Guid(9056fd093f62af640878975f4ab67e73) Importer(815301076,1909f56bfc062723c751e8b465ee728b)  -> (artifact id: '74b9cc252d17bd41f620caafeae7360f') in 0.005862 seconds
  Import took 0.058273 seconds .

========================================================================
Received Prepare
Registering precompiled user dll's ...
Registered in 0.006442 seconds.
Begin MonoManager ReloadAssembly
Native extension for WindowsStandalone target not found
Refreshing native plugins compatible for Editor in 1.21 ms, found 5 plugins.
Preloading 0 native plugins for Editor in 0.00 ms.
Mono: successfully reloaded assembly
- Completed reload, in  1.073 seconds
Platform modules already initialized, skipping
Switching build target platform(19) subTarget(0) extendedPlatform(0) -> platform(13) subTarget(589824) extendedPlatform(0)
Refreshing native plugins compatible for Editor in 1.09 ms, found 5 plugins.
Preloading 0 native plugins for Editor in 0.00 ms.
Unloading 2628 Unused Serialized files (Serialized files now loaded: 0)
System memory in use before: 220.6 MB.
System memory in use after: 214.6 MB.

Unloading 81 unused Assets to reduce memory usage. Loaded Objects now: 3463.
Total: 4.469400 ms (FindLiveObjects: 0.271500 ms CreateObjectMapping: 0.130000 ms MarkObjects: 1.801500 ms  DeleteObjects: 2.265800 ms)

AssetImportParameters requested are different than current active one (requested -> active):
  custom:graphics/normal-map-encoding: 01000000000000000000000000000000 -> 02000000000000000000000000000000
========================================================================
Received Prepare
Refreshing native plugins compatible for Editor in 7.71 ms, found 5 plugins.
Preloading 0 native plugins for Editor in 0.00 ms.
Unloading 78 Unused Serialized files (Serialized files now loaded: 0)
System memory in use before: 171.1 MB.
System memory in use after: 165.2 MB.

Unloading 78 unused Assets to reduce memory usage. Loaded Objects now: 3463.
Total: 4.782200 ms (FindLiveObjects: 0.264200 ms CreateObjectMapping: 0.129800 ms MarkObjects: 2.007000 ms  DeleteObjects: 2.380600 ms)

AssetImportWorkerClient::OnTransportError - code=2 error=End of file
